<?xml version="1.0" encoding="UTF-8"?>
<robot generator="Robot 5.0.1 (Python 3.8.10 on linux)" generated="20230223 11:25:01.318" rpa="false" schemaversion="3">
<suite id="s1" name="Test-Suites" source="/home/pekka/Repositories/ci-test-automation/Robot-Framework/test-suites">
<suite id="s1-s1" name="Test" source="/home/pekka/Repositories/ci-test-automation/Robot-Framework/test-suites/test">
<suite id="s1-s1-s1" name="Test" source="/home/pekka/Repositories/ci-test-automation/Robot-Framework/test-suites/test/test.robot">
<test id="s1-s1-s1-t1" name="Test Print Data" line="16">
<kw name="Test Print">
<arg>${DATA}</arg>
<doc>Print test variable</doc>
<kw name="Log To Console" library="BuiltIn">
<arg>${test_var}</arg>
<doc>Logs the given message to the console.</doc>
<status status="PASS" starttime="20230223 11:25:01.337" endtime="20230223 11:25:01.337"/>
</kw>
<status status="PASS" starttime="20230223 11:25:01.337" endtime="20230223 11:25:01.337"/>
</kw>
<tag>logData</tag>
<tag>test</tag>
<status status="PASS" starttime="20230223 11:25:01.336" endtime="20230223 11:25:01.337"/>
</test>
<test id="s1-s1-s1-t2" name="Test Print Variable" line="20">
<kw name="Test Print">
<arg>${SOME_VAR}</arg>
<doc>Print test variable</doc>
<kw name="Log To Console" library="BuiltIn">
<arg>${test_var}</arg>
<doc>Logs the given message to the console.</doc>
<status status="PASS" starttime="20230223 11:25:01.338" endtime="20230223 11:25:01.338"/>
</kw>
<status status="PASS" starttime="20230223 11:25:01.338" endtime="20230223 11:25:01.338"/>
</kw>
<tag>logVariable</tag>
<tag>test</tag>
<status status="PASS" starttime="20230223 11:25:01.337" endtime="20230223 11:25:01.338"/>
</test>
<doc>Test for running RF suite.</doc>
<status status="PASS" starttime="20230223 11:25:01.329" endtime="20230223 11:25:01.338"/>
</suite>
<status status="PASS" starttime="20230223 11:25:01.328" endtime="20230223 11:25:01.339"/>
</suite>
<status status="PASS" starttime="20230223 11:25:01.318" endtime="20230223 11:25:01.339"/>
</suite>
<statistics>
<total>
<stat pass="2" fail="0" skip="0">All Tests</stat>
</total>
<tag>
<stat pass="1" fail="0" skip="0">logData</stat>
<stat pass="1" fail="0" skip="0">logVariable</stat>
<stat pass="2" fail="0" skip="0">test</stat>
</tag>
<suite>
<stat pass="2" fail="0" skip="0" id="s1" name="Test-Suites">Test-Suites</stat>
<stat pass="2" fail="0" skip="0" id="s1-s1" name="Test">Test-Suites.Test</stat>
<stat pass="2" fail="0" skip="0" id="s1-s1-s1" name="Test">Test-Suites.Test.Test</stat>
</suite>
</statistics>
<errors>
</errors>
</robot>
