<?xml version="1.0" encoding="UTF-8"?>
<robot generator="Robot 5.0.1 (Python 3.10.4 on linux)" generated="20220708 12:09:42.945" rpa="false" schemaversion="3">
<suite id="s1" name="Boot Test" source="/home/tc-agent01/repositories/spectrum-test-automation/Robot-Framework/test-suites/boot_test.robot">
<test id="s1-t1" name="Verify USB Serial Port Connection" line="20">
<kw name="Open Serial Port" type="SETUP">
<kw name="Add Port" library="SerialLibrary">
<arg>/dev/ttyUSB0</arg>
<arg>baudrate=115200</arg>
<arg>bytesize=8</arg>
<arg>parity=N</arg>
<arg>stopbits=1</arg>
<doc>Adds new port with specified locator.</doc>
<status status="PASS" starttime="20220708 12:09:43.017" endtime="20220708 12:09:43.018"/>
</kw>
<status status="PASS" starttime="20220708 12:09:43.016" endtime="20220708 12:09:43.018"/>
</kw>
<kw name="Write Data" library="SerialLibrary">
<arg>${Data}${\n}</arg>
<doc>Writes data into the port.</doc>
<status status="PASS" starttime="20220708 12:09:43.018" endtime="20220708 12:09:43.019"/>
</kw>
<kw name="Read Until" library="SerialLibrary">
<var>${output}</var>
<arg>terminator=${TARGET_READ}</arg>
<doc>Read until a termination sequence is found, size exceeded or timeout.</doc>
<msg timestamp="20220708 12:09:43.067" level="INFO">${output} = lsvm
NAME                	STATUS
netvm               	[31mSTOPPED[0m
appvm-lynx          	[31mSTOPPED[0m
appvm-catgirl</msg>
<status status="PASS" starttime="20220708 12:09:43.019" endtime="20220708 12:09:43.067"/>
</kw>
<kw name="Should Contain" library="BuiltIn">
<arg>${output}</arg>
<arg>${TARGET_READ}</arg>
<doc>Fails if ``container`` does not contain ``item`` one or more times.</doc>
<status status="PASS" starttime="20220708 12:09:43.067" endtime="20220708 12:09:43.068"/>
</kw>
<kw name="Log To Console" library="BuiltIn">
<arg>Console: ${output}</arg>
<doc>Logs the given message to the console.</doc>
<status status="PASS" starttime="20220708 12:09:43.068" endtime="20220708 12:09:43.069"/>
</kw>
<kw name="Delete All Ports" library="SerialLibrary" type="TEARDOWN">
<doc>Deletes all ports maintained in the library instance.</doc>
<status status="PASS" starttime="20220708 12:09:43.069" endtime="20220708 12:09:43.070"/>
</kw>
<tag>openSerialconnection</tag>
<tag>tc_boot_test</tag>
<status status="PASS" starttime="20220708 12:09:43.016" endtime="20220708 12:09:43.071"/>
</test>
<test id="s1-t2" name="Boot NUC with WiFi Plug And Verify Boot" line="27">
<kw name="Open Serial Port" type="SETUP">
<kw name="Add Port" library="SerialLibrary">
<arg>/dev/ttyUSB0</arg>
<arg>baudrate=115200</arg>
<arg>bytesize=8</arg>
<arg>parity=N</arg>
<arg>stopbits=1</arg>
<doc>Adds new port with specified locator.</doc>
<status status="PASS" starttime="20220708 12:09:43.073" endtime="20220708 12:09:43.075"/>
</kw>
<status status="PASS" starttime="20220708 12:09:43.072" endtime="20220708 12:09:43.075"/>
</kw>
<kw name="Turn Plug Off" library="tapo_p100">
<arg>${IP_ADDRESS}</arg>
<arg>${USER_NAME}</arg>
<arg>${PASSWORD}</arg>
<status status="PASS" starttime="20220708 12:09:43.075" endtime="20220708 12:09:43.391"/>
</kw>
<for flavor="IN RANGE">
<var>${i}</var>
<value>20</value>
<iter>
<var name="${i}">0</var>
<kw name="Write Data" library="SerialLibrary">
<arg>${Data}${\n}</arg>
<doc>Writes data into the port.</doc>
<status status="PASS" starttime="20220708 12:09:43.392" endtime="20220708 12:09:43.393"/>
</kw>
<kw name="Read Until" library="SerialLibrary">
<var>${output}</var>
<arg>terminator=${TARGET_READ}</arg>
<doc>Read until a termination sequence is found, size exceeded or timeout.</doc>
<msg timestamp="20220708 12:09:43.434" level="INFO">${output} = lsvm
NAME                	STATUS
netvm               	[31mSTOPPED[0m
appvm-lynx          	[31mSTOPPED[0m
appvm-catgirl</msg>
<status status="PASS" starttime="20220708 12:09:43.393" endtime="20220708 12:09:43.435"/>
</kw>
<kw name="Run Keyword And Return Status" library="BuiltIn">
<var>${status}</var>
<arg>Should contain</arg>
<arg>${output}</arg>
<arg>${TARGET_READ}</arg>
<doc>Runs the given keyword with given arguments and returns the status as a Boolean value.</doc>
<kw name="Should Contain" library="BuiltIn">
<arg>${output}</arg>
<arg>${TARGET_READ}</arg>
<doc>Fails if ``container`` does not contain ``item`` one or more times.</doc>
<status status="PASS" starttime="20220708 12:09:43.435" endtime="20220708 12:09:43.435"/>
</kw>
<msg timestamp="20220708 12:09:43.435" level="INFO">${status} = True</msg>
<status status="PASS" starttime="20220708 12:09:43.435" endtime="20220708 12:09:43.435"/>
</kw>
<kw name="Log To Console" library="BuiltIn">
<arg>${status}</arg>
<doc>Logs the given message to the console.</doc>
<status status="PASS" starttime="20220708 12:09:43.435" endtime="20220708 12:09:43.436"/>
</kw>
<if>
<branch type="IF" condition="${status}==False">
<break>
<status status="NOT RUN" starttime="20220708 12:09:43.436" endtime="20220708 12:09:43.436"/>
</break>
<status status="NOT RUN" starttime="20220708 12:09:43.436" endtime="20220708 12:09:43.436"/>
</branch>
<status status="PASS" starttime="20220708 12:09:43.436" endtime="20220708 12:09:43.436"/>
</if>
<status status="PASS" starttime="20220708 12:09:43.392" endtime="20220708 12:09:43.436"/>
</iter>
<iter>
<var name="${i}">1</var>
<kw name="Write Data" library="SerialLibrary">
<arg>${Data}${\n}</arg>
<doc>Writes data into the port.</doc>
<status status="PASS" starttime="20220708 12:09:43.436" endtime="20220708 12:09:43.436"/>
</kw>
<kw name="Read Until" library="SerialLibrary">
<var>${output}</var>
<arg>terminator=${TARGET_READ}</arg>
<doc>Read until a termination sequence is found, size exceeded or timeout.</doc>
<msg timestamp="20220708 12:09:43.480" level="INFO">${output} =        	[31mSTOPPED[0m
~ # lsvm
NAME                	STATUS
netvm               	[31mSTOPPED[0m
appvm-lynx          	[31mSTOPPED[0m
appvm-catgirl</msg>
<status status="PASS" starttime="20220708 12:09:43.436" endtime="20220708 12:09:43.480"/>
</kw>
<kw name="Run Keyword And Return Status" library="BuiltIn">
<var>${status}</var>
<arg>Should contain</arg>
<arg>${output}</arg>
<arg>${TARGET_READ}</arg>
<doc>Runs the given keyword with given arguments and returns the status as a Boolean value.</doc>
<kw name="Should Contain" library="BuiltIn">
<arg>${output}</arg>
<arg>${TARGET_READ}</arg>
<doc>Fails if ``container`` does not contain ``item`` one or more times.</doc>
<status status="PASS" starttime="20220708 12:09:43.480" endtime="20220708 12:09:43.480"/>
</kw>
<msg timestamp="20220708 12:09:43.481" level="INFO">${status} = True</msg>
<status status="PASS" starttime="20220708 12:09:43.480" endtime="20220708 12:09:43.481"/>
</kw>
<kw name="Log To Console" library="BuiltIn">
<arg>${status}</arg>
<doc>Logs the given message to the console.</doc>
<status status="PASS" starttime="20220708 12:09:43.481" endtime="20220708 12:09:43.481"/>
</kw>
<if>
<branch type="IF" condition="${status}==False">
<break>
<status status="NOT RUN" starttime="20220708 12:09:43.481" endtime="20220708 12:09:43.481"/>
</break>
<status status="NOT RUN" starttime="20220708 12:09:43.481" endtime="20220708 12:09:43.481"/>
</branch>
<status status="PASS" starttime="20220708 12:09:43.481" endtime="20220708 12:09:43.481"/>
</if>
<status status="PASS" starttime="20220708 12:09:43.436" endtime="20220708 12:09:43.482"/>
</iter>
<iter>
<var name="${i}">2</var>
<kw name="Write Data" library="SerialLibrary">
<arg>${Data}${\n}</arg>
<doc>Writes data into the port.</doc>
<status status="PASS" starttime="20220708 12:09:43.482" endtime="20220708 12:09:43.482"/>
</kw>
<kw name="Read Until" library="SerialLibrary">
<var>${output}</var>
<arg>terminator=${TARGET_READ}</arg>
<doc>Read until a termination sequence is found, size exceeded or timeout.</doc>
<msg timestamp="20220708 12:09:43.512" level="INFO">${output} =        	[31mSTOPPED[0m
~ # lsvm
NAME                	STATUS
netvm               	[31mSTOPPED[0m
appvm-lynx          	[31mSTOPPED[0m
appvm-catgirl</msg>
<status status="PASS" starttime="20220708 12:09:43.482" endtime="20220708 12:09:43.512"/>
</kw>
<kw name="Run Keyword And Return Status" library="BuiltIn">
<var>${status}</var>
<arg>Should contain</arg>
<arg>${output}</arg>
<arg>${TARGET_READ}</arg>
<doc>Runs the given keyword with given arguments and returns the status as a Boolean value.</doc>
<kw name="Should Contain" library="BuiltIn">
<arg>${output}</arg>
<arg>${TARGET_READ}</arg>
<doc>Fails if ``container`` does not contain ``item`` one or more times.</doc>
<status status="PASS" starttime="20220708 12:09:43.513" endtime="20220708 12:09:43.513"/>
</kw>
<msg timestamp="20220708 12:09:43.513" level="INFO">${status} = True</msg>
<status status="PASS" starttime="20220708 12:09:43.512" endtime="20220708 12:09:43.513"/>
</kw>
<kw name="Log To Console" library="BuiltIn">
<arg>${status}</arg>
<doc>Logs the given message to the console.</doc>
<status status="PASS" starttime="20220708 12:09:43.513" endtime="20220708 12:09:43.514"/>
</kw>
<if>
<branch type="IF" condition="${status}==False">
<break>
<status status="NOT RUN" starttime="20220708 12:09:43.514" endtime="20220708 12:09:43.514"/>
</break>
<status status="NOT RUN" starttime="20220708 12:09:43.514" endtime="20220708 12:09:43.514"/>
</branch>
<status status="PASS" starttime="20220708 12:09:43.514" endtime="20220708 12:09:43.514"/>
</if>
<status status="PASS" starttime="20220708 12:09:43.482" endtime="20220708 12:09:43.514"/>
</iter>
<iter>
<var name="${i}">3</var>
<kw name="Write Data" library="SerialLibrary">
<arg>${Data}${\n}</arg>
<doc>Writes data into the port.</doc>
<status status="PASS" starttime="20220708 12:09:43.515" endtime="20220708 12:09:43.515"/>
</kw>
<kw name="Read Until" library="SerialLibrary">
<var>${output}</var>
<arg>terminator=${TARGET_READ}</arg>
<doc>Read until a termination sequence is found, size exceeded or timeout.</doc>
<msg timestamp="20220708 12:09:43.560" level="INFO">${output} =        	[31mSTOPPED[0m
~ # lsvm
NAME                	STATUS
netvm               	[31mSTOPPED[0m
appvm-lynx          	[31mSTOPPED[0m
appvm-catgirl</msg>
<status status="PASS" starttime="20220708 12:09:43.516" endtime="20220708 12:09:43.560"/>
</kw>
<kw name="Run Keyword And Return Status" library="BuiltIn">
<var>${status}</var>
<arg>Should contain</arg>
<arg>${output}</arg>
<arg>${TARGET_READ}</arg>
<doc>Runs the given keyword with given arguments and returns the status as a Boolean value.</doc>
<kw name="Should Contain" library="BuiltIn">
<arg>${output}</arg>
<arg>${TARGET_READ}</arg>
<doc>Fails if ``container`` does not contain ``item`` one or more times.</doc>
<status status="PASS" starttime="20220708 12:09:43.561" endtime="20220708 12:09:43.562"/>
</kw>
<msg timestamp="20220708 12:09:43.562" level="INFO">${status} = True</msg>
<status status="PASS" starttime="20220708 12:09:43.561" endtime="20220708 12:09:43.562"/>
</kw>
<kw name="Log To Console" library="BuiltIn">
<arg>${status}</arg>
<doc>Logs the given message to the console.</doc>
<status status="PASS" starttime="20220708 12:09:43.562" endtime="20220708 12:09:43.563"/>
</kw>
<if>
<branch type="IF" condition="${status}==False">
<break>
<status status="NOT RUN" starttime="20220708 12:09:43.564" endtime="20220708 12:09:43.564"/>
</break>
<status status="NOT RUN" starttime="20220708 12:09:43.564" endtime="20220708 12:09:43.564"/>
</branch>
<status status="PASS" starttime="20220708 12:09:43.563" endtime="20220708 12:09:43.564"/>
</if>
<status status="PASS" starttime="20220708 12:09:43.514" endtime="20220708 12:09:43.564"/>
</iter>
<iter>
<var name="${i}">4</var>
<kw name="Write Data" library="SerialLibrary">
<arg>${Data}${\n}</arg>
<doc>Writes data into the port.</doc>
<status status="PASS" starttime="20220708 12:09:43.565" endtime="20220708 12:09:43.565"/>
</kw>
<kw name="Read Until" library="SerialLibrary">
<var>${output}</var>
<arg>terminator=${TARGET_READ}</arg>
<doc>Read until a termination sequence is found, size exceeded or timeout.</doc>
<msg timestamp="20220708 12:09:43.608" level="INFO">${output} =        	[31mSTOPPED[0m
~ # lsvm
NAME                	STATUS
netvm               	[31mSTOPPED[0m
appvm-lynx          	[31mSTOPPED[0m
appvm-catgirl</msg>
<status status="PASS" starttime="20220708 12:09:43.566" endtime="20220708 12:09:43.608"/>
</kw>
<kw name="Run Keyword And Return Status" library="BuiltIn">
<var>${status}</var>
<arg>Should contain</arg>
<arg>${output}</arg>
<arg>${TARGET_READ}</arg>
<doc>Runs the given keyword with given arguments and returns the status as a Boolean value.</doc>
<kw name="Should Contain" library="BuiltIn">
<arg>${output}</arg>
<arg>${TARGET_READ}</arg>
<doc>Fails if ``container`` does not contain ``item`` one or more times.</doc>
<status status="PASS" starttime="20220708 12:09:43.608" endtime="20220708 12:09:43.608"/>
</kw>
<msg timestamp="20220708 12:09:43.608" level="INFO">${status} = True</msg>
<status status="PASS" starttime="20220708 12:09:43.608" endtime="20220708 12:09:43.608"/>
</kw>
<kw name="Log To Console" library="BuiltIn">
<arg>${status}</arg>
<doc>Logs the given message to the console.</doc>
<status status="PASS" starttime="20220708 12:09:43.609" endtime="20220708 12:09:43.609"/>
</kw>
<if>
<branch type="IF" condition="${status}==False">
<break>
<status status="NOT RUN" starttime="20220708 12:09:43.609" endtime="20220708 12:09:43.609"/>
</break>
<status status="NOT RUN" starttime="20220708 12:09:43.609" endtime="20220708 12:09:43.609"/>
</branch>
<status status="PASS" starttime="20220708 12:09:43.609" endtime="20220708 12:09:43.609"/>
</if>
<status status="PASS" starttime="20220708 12:09:43.564" endtime="20220708 12:09:43.609"/>
</iter>
<iter>
<var name="${i}">5</var>
<kw name="Write Data" library="SerialLibrary">
<arg>${Data}${\n}</arg>
<doc>Writes data into the port.</doc>
<status status="PASS" starttime="20220708 12:09:43.609" endtime="20220708 12:09:43.610"/>
</kw>
<kw name="Read Until" library="SerialLibrary">
<var>${output}</var>
<arg>terminator=${TARGET_READ}</arg>
<doc>Read until a termination sequence is found, size exceeded or timeout.</doc>
<msg timestamp="20220708 12:09:43.639" level="INFO">${output} =        	[31mSTOPPED[0m
~ # lsvm
NAME                	STATUS
netvm               	[31mSTOPPED[0m
appvm-lynx          	[31mSTOPPED[0m
appvm-catgirl</msg>
<status status="PASS" starttime="20220708 12:09:43.610" endtime="20220708 12:09:43.639"/>
</kw>
<kw name="Run Keyword And Return Status" library="BuiltIn">
<var>${status}</var>
<arg>Should contain</arg>
<arg>${output}</arg>
<arg>${TARGET_READ}</arg>
<doc>Runs the given keyword with given arguments and returns the status as a Boolean value.</doc>
<kw name="Should Contain" library="BuiltIn">
<arg>${output}</arg>
<arg>${TARGET_READ}</arg>
<doc>Fails if ``container`` does not contain ``item`` one or more times.</doc>
<status status="PASS" starttime="20220708 12:09:43.640" endtime="20220708 12:09:43.640"/>
</kw>
<msg timestamp="20220708 12:09:43.640" level="INFO">${status} = True</msg>
<status status="PASS" starttime="20220708 12:09:43.639" endtime="20220708 12:09:43.640"/>
</kw>
<kw name="Log To Console" library="BuiltIn">
<arg>${status}</arg>
<doc>Logs the given message to the console.</doc>
<status status="PASS" starttime="20220708 12:09:43.640" endtime="20220708 12:09:43.640"/>
</kw>
<if>
<branch type="IF" condition="${status}==False">
<break>
<status status="NOT RUN" starttime="20220708 12:09:43.640" endtime="20220708 12:09:43.640"/>
</break>
<status status="NOT RUN" starttime="20220708 12:09:43.640" endtime="20220708 12:09:43.641"/>
</branch>
<status status="PASS" starttime="20220708 12:09:43.640" endtime="20220708 12:09:43.641"/>
</if>
<status status="PASS" starttime="20220708 12:09:43.609" endtime="20220708 12:09:43.641"/>
</iter>
<iter>
<var name="${i}">6</var>
<kw name="Write Data" library="SerialLibrary">
<arg>${Data}${\n}</arg>
<doc>Writes data into the port.</doc>
<status status="PASS" starttime="20220708 12:09:43.641" endtime="20220708 12:09:43.641"/>
</kw>
<kw name="Read Until" library="SerialLibrary">
<var>${output}</var>
<arg>terminator=${TARGET_READ}</arg>
<doc>Read until a termination sequence is found, size exceeded or timeout.</doc>
<msg timestamp="20220708 12:09:43.671" level="INFO">${output} =        	[31mSTOPPED[0m
~ # lsvm
NAME                	STATUS
netvm               	[31mSTOPPED[0m
appvm-lynx          	[31mSTOPPED[0m
appvm-catgirl</msg>
<status status="PASS" starttime="20220708 12:09:43.641" endtime="20220708 12:09:43.671"/>
</kw>
<kw name="Run Keyword And Return Status" library="BuiltIn">
<var>${status}</var>
<arg>Should contain</arg>
<arg>${output}</arg>
<arg>${TARGET_READ}</arg>
<doc>Runs the given keyword with given arguments and returns the status as a Boolean value.</doc>
<kw name="Should Contain" library="BuiltIn">
<arg>${output}</arg>
<arg>${TARGET_READ}</arg>
<doc>Fails if ``container`` does not contain ``item`` one or more times.</doc>
<status status="PASS" starttime="20220708 12:09:43.672" endtime="20220708 12:09:43.673"/>
</kw>
<msg timestamp="20220708 12:09:43.673" level="INFO">${status} = True</msg>
<status status="PASS" starttime="20220708 12:09:43.672" endtime="20220708 12:09:43.674"/>
</kw>
<kw name="Log To Console" library="BuiltIn">
<arg>${status}</arg>
<doc>Logs the given message to the console.</doc>
<status status="PASS" starttime="20220708 12:09:43.674" endtime="20220708 12:09:43.674"/>
</kw>
<if>
<branch type="IF" condition="${status}==False">
<break>
<status status="NOT RUN" starttime="20220708 12:09:43.675" endtime="20220708 12:09:43.675"/>
</break>
<status status="NOT RUN" starttime="20220708 12:09:43.675" endtime="20220708 12:09:43.675"/>
</branch>
<status status="PASS" starttime="20220708 12:09:43.675" endtime="20220708 12:09:43.675"/>
</if>
<status status="PASS" starttime="20220708 12:09:43.641" endtime="20220708 12:09:43.675"/>
</iter>
<iter>
<var name="${i}">7</var>
<kw name="Write Data" library="SerialLibrary">
<arg>${Data}${\n}</arg>
<doc>Writes data into the port.</doc>
<status status="PASS" starttime="20220708 12:09:43.676" endtime="20220708 12:09:43.676"/>
</kw>
<kw name="Read Until" library="SerialLibrary">
<var>${output}</var>
<arg>terminator=${TARGET_READ}</arg>
<doc>Read until a termination sequence is found, size exceeded or timeout.</doc>
<msg timestamp="20220708 12:09:43.719" level="INFO">${output} =        	[31mSTOPPED[0m
~ # lsvm
NAME                	STATUS
netvm               	[31mSTOPPED[0m
appvm-lynx          	[31mSTOPPED[0m
appvm-catgirl</msg>
<status status="PASS" starttime="20220708 12:09:43.676" endtime="20220708 12:09:43.719"/>
</kw>
<kw name="Run Keyword And Return Status" library="BuiltIn">
<var>${status}</var>
<arg>Should contain</arg>
<arg>${output}</arg>
<arg>${TARGET_READ}</arg>
<doc>Runs the given keyword with given arguments and returns the status as a Boolean value.</doc>
<kw name="Should Contain" library="BuiltIn">
<arg>${output}</arg>
<arg>${TARGET_READ}</arg>
<doc>Fails if ``container`` does not contain ``item`` one or more times.</doc>
<status status="PASS" starttime="20220708 12:09:43.720" endtime="20220708 12:09:43.720"/>
</kw>
<msg timestamp="20220708 12:09:43.720" level="INFO">${status} = True</msg>
<status status="PASS" starttime="20220708 12:09:43.720" endtime="20220708 12:09:43.720"/>
</kw>
<kw name="Log To Console" library="BuiltIn">
<arg>${status}</arg>
<doc>Logs the given message to the console.</doc>
<status status="PASS" starttime="20220708 12:09:43.720" endtime="20220708 12:09:43.720"/>
</kw>
<if>
<branch type="IF" condition="${status}==False">
<break>
<status status="NOT RUN" starttime="20220708 12:09:43.721" endtime="20220708 12:09:43.721"/>
</break>
<status status="NOT RUN" starttime="20220708 12:09:43.720" endtime="20220708 12:09:43.721"/>
</branch>
<status status="PASS" starttime="20220708 12:09:43.720" endtime="20220708 12:09:43.721"/>
</if>
<status status="PASS" starttime="20220708 12:09:43.675" endtime="20220708 12:09:43.721"/>
</iter>
<iter>
<var name="${i}">8</var>
<kw name="Write Data" library="SerialLibrary">
<arg>${Data}${\n}</arg>
<doc>Writes data into the port.</doc>
<status status="PASS" starttime="20220708 12:09:43.721" endtime="20220708 12:09:43.721"/>
</kw>
<kw name="Read Until" library="SerialLibrary">
<var>${output}</var>
<arg>terminator=${TARGET_READ}</arg>
<doc>Read until a termination sequence is found, size exceeded or timeout.</doc>
<msg timestamp="20220708 12:09:44.724" level="INFO">${output} =        	[31mSTOPPED[0m
~ # </msg>
<status status="PASS" starttime="20220708 12:09:43.721" endtime="20220708 12:09:44.724"/>
</kw>
<kw name="Run Keyword And Return Status" library="BuiltIn">
<var>${status}</var>
<arg>Should contain</arg>
<arg>${output}</arg>
<arg>${TARGET_READ}</arg>
<doc>Runs the given keyword with given arguments and returns the status as a Boolean value.</doc>
<kw name="Should Contain" library="BuiltIn">
<arg>${output}</arg>
<arg>${TARGET_READ}</arg>
<doc>Fails if ``container`` does not contain ``item`` one or more times.</doc>
<msg timestamp="20220708 12:09:44.727" level="FAIL">'       	[31mSTOPPED[0m
~ # ' does not contain 'appvm-catgirl'</msg>
<status status="FAIL" starttime="20220708 12:09:44.725" endtime="20220708 12:09:44.727"/>
</kw>
<msg timestamp="20220708 12:09:44.727" level="INFO">${status} = False</msg>
<status status="PASS" starttime="20220708 12:09:44.724" endtime="20220708 12:09:44.727"/>
</kw>
<kw name="Log To Console" library="BuiltIn">
<arg>${status}</arg>
<doc>Logs the given message to the console.</doc>
<status status="PASS" starttime="20220708 12:09:44.728" endtime="20220708 12:09:44.728"/>
</kw>
<if>
<branch type="IF" condition="${status}==False">
<break>
<status status="PASS" starttime="20220708 12:09:44.729" endtime="20220708 12:09:44.729"/>
</break>
<status status="PASS" starttime="20220708 12:09:44.729" endtime="20220708 12:09:44.729"/>
</branch>
<status status="PASS" starttime="20220708 12:09:44.729" endtime="20220708 12:09:44.729"/>
</if>
<status status="PASS" starttime="20220708 12:09:43.721" endtime="20220708 12:09:44.729"/>
</iter>
<status status="PASS" starttime="20220708 12:09:43.392" endtime="20220708 12:09:44.730"/>
</for>
<if>
<branch type="IF" condition="${status}">
<kw name="Device did not shut down!">
<status status="NOT RUN" starttime="20220708 12:09:44.736" endtime="20220708 12:09:44.736"/>
</kw>
<status status="NOT RUN" starttime="20220708 12:09:44.730" endtime="20220708 12:09:44.737"/>
</branch>
<status status="PASS" starttime="20220708 12:09:44.730" endtime="20220708 12:09:44.737"/>
</if>
<kw name="Log To Console" library="BuiltIn">
<arg>Turn ON</arg>
<doc>Logs the given message to the console.</doc>
<status status="PASS" starttime="20220708 12:09:44.737" endtime="20220708 12:09:44.737"/>
</kw>
<kw name="Turn Plug On" library="tapo_p100">
<arg>${IP_ADDRESS}</arg>
<arg>${USER_NAME}</arg>
<arg>${PASSWORD}</arg>
<status status="PASS" starttime="20220708 12:09:44.738" endtime="20220708 12:09:44.992"/>
</kw>
<for flavor="IN RANGE">
<var>${i}</var>
<value>100</value>
<iter>
<var name="${i}">0</var>
<kw name="Write Data" library="SerialLibrary">
<arg>${Data}${\n}</arg>
<doc>Writes data into the port.</doc>
<status status="PASS" starttime="20220708 12:09:44.993" endtime="20220708 12:09:44.994"/>
</kw>
<kw name="Read Until" library="SerialLibrary">
<var>${output}</var>
<arg>terminator=${TARGET_READ}</arg>
<doc>Read until a termination sequence is found, size exceeded or timeout.</doc>
<msg timestamp="20220708 12:09:46.000" level="INFO">${output} = nsvm�</msg>
<status status="PASS" starttime="20220708 12:09:44.994" endtime="20220708 12:09:46.000"/>
</kw>
<kw name="Run Keyword And Return Status" library="BuiltIn">
<var>${status}</var>
<arg>Should contain</arg>
<arg>${output}</arg>
<arg>${TARGET_READ}</arg>
<doc>Runs the given keyword with given arguments and returns the status as a Boolean value.</doc>
<kw name="Should Contain" library="BuiltIn">
<arg>${output}</arg>
<arg>${TARGET_READ}</arg>
<doc>Fails if ``container`` does not contain ``item`` one or more times.</doc>
<msg timestamp="20220708 12:09:46.003" level="FAIL">'nsvm�' does not contain 'appvm-catgirl'</msg>
<status status="FAIL" starttime="20220708 12:09:46.001" endtime="20220708 12:09:46.003"/>
</kw>
<msg timestamp="20220708 12:09:46.003" level="INFO">${status} = False</msg>
<status status="PASS" starttime="20220708 12:09:46.001" endtime="20220708 12:09:46.003"/>
</kw>
<kw name="Log To Console" library="BuiltIn">
<arg>${status}</arg>
<doc>Logs the given message to the console.</doc>
<status status="PASS" starttime="20220708 12:09:46.003" endtime="20220708 12:09:46.004"/>
</kw>
<if>
<branch type="IF" condition="${status}">
<break>
<status status="NOT RUN" starttime="20220708 12:09:46.004" endtime="20220708 12:09:46.004"/>
</break>
<status status="NOT RUN" starttime="20220708 12:09:46.004" endtime="20220708 12:09:46.004"/>
</branch>
<status status="PASS" starttime="20220708 12:09:46.004" endtime="20220708 12:09:46.005"/>
</if>
<status status="PASS" starttime="20220708 12:09:44.993" endtime="20220708 12:09:46.005"/>
</iter>
<iter>
<var name="${i}">1</var>
<kw name="Write Data" library="SerialLibrary">
<arg>${Data}${\n}</arg>
<doc>Writes data into the port.</doc>
<status status="PASS" starttime="20220708 12:09:46.005" endtime="20220708 12:09:46.005"/>
</kw>
<kw name="Read Until" library="SerialLibrary">
<var>${output}</var>
<arg>terminator=${TARGET_READ}</arg>
<doc>Read until a termination sequence is found, size exceeded or timeout.</doc>
<msg timestamp="20220708 12:09:47.023" level="INFO">${output} = lsvm
</msg>
<status status="PASS" starttime="20220708 12:09:46.005" endtime="20220708 12:09:47.023"/>
</kw>
<kw name="Run Keyword And Return Status" library="BuiltIn">
<var>${status}</var>
<arg>Should contain</arg>
<arg>${output}</arg>
<arg>${TARGET_READ}</arg>
<doc>Runs the given keyword with given arguments and returns the status as a Boolean value.</doc>
<kw name="Should Contain" library="BuiltIn">
<arg>${output}</arg>
<arg>${TARGET_READ}</arg>
<doc>Fails if ``container`` does not contain ``item`` one or more times.</doc>
<msg timestamp="20220708 12:09:47.026" level="FAIL">'lsvm
' does not contain 'appvm-catgirl'</msg>
<status status="FAIL" starttime="20220708 12:09:47.025" endtime="20220708 12:09:47.026"/>
</kw>
<msg timestamp="20220708 12:09:47.027" level="INFO">${status} = False</msg>
<status status="PASS" starttime="20220708 12:09:47.024" endtime="20220708 12:09:47.027"/>
</kw>
<kw name="Log To Console" library="BuiltIn">
<arg>${status}</arg>
<doc>Logs the given message to the console.</doc>
<status status="PASS" starttime="20220708 12:09:47.027" endtime="20220708 12:09:47.028"/>
</kw>
<if>
<branch type="IF" condition="${status}">
<break>
<status status="NOT RUN" starttime="20220708 12:09:47.028" endtime="20220708 12:09:47.028"/>
</break>
<status status="NOT RUN" starttime="20220708 12:09:47.028" endtime="20220708 12:09:47.028"/>
</branch>
<status status="PASS" starttime="20220708 12:09:47.028" endtime="20220708 12:09:47.028"/>
</if>
<status status="PASS" starttime="20220708 12:09:46.005" endtime="20220708 12:09:47.028"/>
</iter>
<iter>
<var name="${i}">2</var>
<kw name="Write Data" library="SerialLibrary">
<arg>${Data}${\n}</arg>
<doc>Writes data into the port.</doc>
<status status="PASS" starttime="20220708 12:09:47.028" endtime="20220708 12:09:47.029"/>
</kw>
<kw name="Read Until" library="SerialLibrary">
<var>${output}</var>
<arg>terminator=${TARGET_READ}</arg>
<doc>Read until a termination sequence is found, size exceeded or timeout.</doc>
<msg timestamp="20220708 12:09:48.032" level="INFO">${output} = </msg>
<status status="PASS" starttime="20220708 12:09:47.029" endtime="20220708 12:09:48.032"/>
</kw>
<kw name="Run Keyword And Return Status" library="BuiltIn">
<var>${status}</var>
<arg>Should contain</arg>
<arg>${output}</arg>
<arg>${TARGET_READ}</arg>
<doc>Runs the given keyword with given arguments and returns the status as a Boolean value.</doc>
<kw name="Should Contain" library="BuiltIn">
<arg>${output}</arg>
<arg>${TARGET_READ}</arg>
<doc>Fails if ``container`` does not contain ``item`` one or more times.</doc>
<msg timestamp="20220708 12:09:48.035" level="FAIL">'' does not contain 'appvm-catgirl'</msg>
<status status="FAIL" starttime="20220708 12:09:48.033" endtime="20220708 12:09:48.035"/>
</kw>
<msg timestamp="20220708 12:09:48.035" level="INFO">${status} = False</msg>
<status status="PASS" starttime="20220708 12:09:48.032" endtime="20220708 12:09:48.036"/>
</kw>
<kw name="Log To Console" library="BuiltIn">
<arg>${status}</arg>
<doc>Logs the given message to the console.</doc>
<status status="PASS" starttime="20220708 12:09:48.036" endtime="20220708 12:09:48.036"/>
</kw>
<if>
<branch type="IF" condition="${status}">
<break>
<status status="NOT RUN" starttime="20220708 12:09:48.037" endtime="20220708 12:09:48.037"/>
</break>
<status status="NOT RUN" starttime="20220708 12:09:48.037" endtime="20220708 12:09:48.037"/>
</branch>
<status status="PASS" starttime="20220708 12:09:48.037" endtime="20220708 12:09:48.037"/>
</if>
<status status="PASS" starttime="20220708 12:09:47.028" endtime="20220708 12:09:48.037"/>
</iter>
<iter>
<var name="${i}">3</var>
<kw name="Write Data" library="SerialLibrary">
<arg>${Data}${\n}</arg>
<doc>Writes data into the port.</doc>
<status status="PASS" starttime="20220708 12:09:48.037" endtime="20220708 12:09:48.037"/>
</kw>
<kw name="Read Until" library="SerialLibrary">
<var>${output}</var>
<arg>terminator=${TARGET_READ}</arg>
<doc>Read until a termination sequence is found, size exceeded or timeout.</doc>
<msg timestamp="20220708 12:09:49.039" level="INFO">${output} = </msg>
<status status="PASS" starttime="20220708 12:09:48.037" endtime="20220708 12:09:49.039"/>
</kw>
<kw name="Run Keyword And Return Status" library="BuiltIn">
<var>${status}</var>
<arg>Should contain</arg>
<arg>${output}</arg>
<arg>${TARGET_READ}</arg>
<doc>Runs the given keyword with given arguments and returns the status as a Boolean value.</doc>
<kw name="Should Contain" library="BuiltIn">
<arg>${output}</arg>
<arg>${TARGET_READ}</arg>
<doc>Fails if ``container`` does not contain ``item`` one or more times.</doc>
<msg timestamp="20220708 12:09:49.042" level="FAIL">'' does not contain 'appvm-catgirl'</msg>
<status status="FAIL" starttime="20220708 12:09:49.040" endtime="20220708 12:09:49.042"/>
</kw>
<msg timestamp="20220708 12:09:49.042" level="INFO">${status} = False</msg>
<status status="PASS" starttime="20220708 12:09:49.040" endtime="20220708 12:09:49.042"/>
</kw>
<kw name="Log To Console" library="BuiltIn">
<arg>${status}</arg>
<doc>Logs the given message to the console.</doc>
<status status="PASS" starttime="20220708 12:09:49.042" endtime="20220708 12:09:49.043"/>
</kw>
<if>
<branch type="IF" condition="${status}">
<break>
<status status="NOT RUN" starttime="20220708 12:09:49.044" endtime="20220708 12:09:49.044"/>
</break>
<status status="NOT RUN" starttime="20220708 12:09:49.043" endtime="20220708 12:09:49.044"/>
</branch>
<status status="PASS" starttime="20220708 12:09:49.043" endtime="20220708 12:09:49.044"/>
</if>
<status status="PASS" starttime="20220708 12:09:48.037" endtime="20220708 12:09:49.044"/>
</iter>
<iter>
<var name="${i}">4</var>
<kw name="Write Data" library="SerialLibrary">
<arg>${Data}${\n}</arg>
<doc>Writes data into the port.</doc>
<status status="PASS" starttime="20220708 12:09:49.044" endtime="20220708 12:09:49.045"/>
</kw>
<kw name="Read Until" library="SerialLibrary">
<var>${output}</var>
<arg>terminator=${TARGET_READ}</arg>
<doc>Read until a termination sequence is found, size exceeded or timeout.</doc>
<msg timestamp="20220708 12:09:50.047" level="INFO">${output} = </msg>
<status status="PASS" starttime="20220708 12:09:49.045" endtime="20220708 12:09:50.047"/>
</kw>
<kw name="Run Keyword And Return Status" library="BuiltIn">
<var>${status}</var>
<arg>Should contain</arg>
<arg>${output}</arg>
<arg>${TARGET_READ}</arg>
<doc>Runs the given keyword with given arguments and returns the status as a Boolean value.</doc>
<kw name="Should Contain" library="BuiltIn">
<arg>${output}</arg>
<arg>${TARGET_READ}</arg>
<doc>Fails if ``container`` does not contain ``item`` one or more times.</doc>
<msg timestamp="20220708 12:09:50.049" level="FAIL">'' does not contain 'appvm-catgirl'</msg>
<status status="FAIL" starttime="20220708 12:09:50.048" endtime="20220708 12:09:50.049"/>
</kw>
<msg timestamp="20220708 12:09:50.049" level="INFO">${status} = False</msg>
<status status="PASS" starttime="20220708 12:09:50.047" endtime="20220708 12:09:50.050"/>
</kw>
<kw name="Log To Console" library="BuiltIn">
<arg>${status}</arg>
<doc>Logs the given message to the console.</doc>
<status status="PASS" starttime="20220708 12:09:50.050" endtime="20220708 12:09:50.050"/>
</kw>
<if>
<branch type="IF" condition="${status}">
<break>
<status status="NOT RUN" starttime="20220708 12:09:50.051" endtime="20220708 12:09:50.051"/>
</break>
<status status="NOT RUN" starttime="20220708 12:09:50.051" endtime="20220708 12:09:50.051"/>
</branch>
<status status="PASS" starttime="20220708 12:09:50.051" endtime="20220708 12:09:50.051"/>
</if>
<status status="PASS" starttime="20220708 12:09:49.044" endtime="20220708 12:09:50.051"/>
</iter>
<iter>
<var name="${i}">5</var>
<kw name="Write Data" library="SerialLibrary">
<arg>${Data}${\n}</arg>
<doc>Writes data into the port.</doc>
<status status="PASS" starttime="20220708 12:09:50.052" endtime="20220708 12:09:50.052"/>
</kw>
<kw name="Read Until" library="SerialLibrary">
<var>${output}</var>
<arg>terminator=${TARGET_READ}</arg>
<doc>Read until a termination sequence is found, size exceeded or timeout.</doc>
<msg timestamp="20220708 12:09:51.055" level="INFO">${output} = </msg>
<status status="PASS" starttime="20220708 12:09:50.052" endtime="20220708 12:09:51.055"/>
</kw>
<kw name="Run Keyword And Return Status" library="BuiltIn">
<var>${status}</var>
<arg>Should contain</arg>
<arg>${output}</arg>
<arg>${TARGET_READ}</arg>
<doc>Runs the given keyword with given arguments and returns the status as a Boolean value.</doc>
<kw name="Should Contain" library="BuiltIn">
<arg>${output}</arg>
<arg>${TARGET_READ}</arg>
<doc>Fails if ``container`` does not contain ``item`` one or more times.</doc>
<msg timestamp="20220708 12:09:51.057" level="FAIL">'' does not contain 'appvm-catgirl'</msg>
<status status="FAIL" starttime="20220708 12:09:51.056" endtime="20220708 12:09:51.058"/>
</kw>
<msg timestamp="20220708 12:09:51.058" level="INFO">${status} = False</msg>
<status status="PASS" starttime="20220708 12:09:51.055" endtime="20220708 12:09:51.058"/>
</kw>
<kw name="Log To Console" library="BuiltIn">
<arg>${status}</arg>
<doc>Logs the given message to the console.</doc>
<status status="PASS" starttime="20220708 12:09:51.058" endtime="20220708 12:09:51.059"/>
</kw>
<if>
<branch type="IF" condition="${status}">
<break>
<status status="NOT RUN" starttime="20220708 12:09:51.059" endtime="20220708 12:09:51.059"/>
</break>
<status status="NOT RUN" starttime="20220708 12:09:51.059" endtime="20220708 12:09:51.059"/>
</branch>
<status status="PASS" starttime="20220708 12:09:51.059" endtime="20220708 12:09:51.060"/>
</if>
<status status="PASS" starttime="20220708 12:09:50.052" endtime="20220708 12:09:51.060"/>
</iter>
<iter>
<var name="${i}">6</var>
<kw name="Write Data" library="SerialLibrary">
<arg>${Data}${\n}</arg>
<doc>Writes data into the port.</doc>
<status status="PASS" starttime="20220708 12:09:51.060" endtime="20220708 12:09:51.060"/>
</kw>
<kw name="Read Until" library="SerialLibrary">
<var>${output}</var>
<arg>terminator=${TARGET_READ}</arg>
<doc>Read until a termination sequence is found, size exceeded or timeout.</doc>
<msg timestamp="20220708 12:09:52.063" level="INFO">${output} = </msg>
<status status="PASS" starttime="20220708 12:09:51.060" endtime="20220708 12:09:52.063"/>
</kw>
<kw name="Run Keyword And Return Status" library="BuiltIn">
<var>${status}</var>
<arg>Should contain</arg>
<arg>${output}</arg>
<arg>${TARGET_READ}</arg>
<doc>Runs the given keyword with given arguments and returns the status as a Boolean value.</doc>
<kw name="Should Contain" library="BuiltIn">
<arg>${output}</arg>
<arg>${TARGET_READ}</arg>
<doc>Fails if ``container`` does not contain ``item`` one or more times.</doc>
<msg timestamp="20220708 12:09:52.065" level="FAIL">'' does not contain 'appvm-catgirl'</msg>
<status status="FAIL" starttime="20220708 12:09:52.064" endtime="20220708 12:09:52.065"/>
</kw>
<msg timestamp="20220708 12:09:52.065" level="INFO">${status} = False</msg>
<status status="PASS" starttime="20220708 12:09:52.063" endtime="20220708 12:09:52.065"/>
</kw>
<kw name="Log To Console" library="BuiltIn">
<arg>${status}</arg>
<doc>Logs the given message to the console.</doc>
<status status="PASS" starttime="20220708 12:09:52.065" endtime="20220708 12:09:52.066"/>
</kw>
<if>
<branch type="IF" condition="${status}">
<break>
<status status="NOT RUN" starttime="20220708 12:09:52.066" endtime="20220708 12:09:52.066"/>
</break>
<status status="NOT RUN" starttime="20220708 12:09:52.066" endtime="20220708 12:09:52.066"/>
</branch>
<status status="PASS" starttime="20220708 12:09:52.066" endtime="20220708 12:09:52.066"/>
</if>
<status status="PASS" starttime="20220708 12:09:51.060" endtime="20220708 12:09:52.066"/>
</iter>
<iter>
<var name="${i}">7</var>
<kw name="Write Data" library="SerialLibrary">
<arg>${Data}${\n}</arg>
<doc>Writes data into the port.</doc>
<status status="PASS" starttime="20220708 12:09:52.066" endtime="20220708 12:09:52.067"/>
</kw>
<kw name="Read Until" library="SerialLibrary">
<var>${output}</var>
<arg>terminator=${TARGET_READ}</arg>
<doc>Read until a termination sequence is found, size exceeded or timeout.</doc>
<msg timestamp="20220708 12:09:53.070" level="INFO">${output} = </msg>
<status status="PASS" starttime="20220708 12:09:52.067" endtime="20220708 12:09:53.070"/>
</kw>
<kw name="Run Keyword And Return Status" library="BuiltIn">
<var>${status}</var>
<arg>Should contain</arg>
<arg>${output}</arg>
<arg>${TARGET_READ}</arg>
<doc>Runs the given keyword with given arguments and returns the status as a Boolean value.</doc>
<kw name="Should Contain" library="BuiltIn">
<arg>${output}</arg>
<arg>${TARGET_READ}</arg>
<doc>Fails if ``container`` does not contain ``item`` one or more times.</doc>
<msg timestamp="20220708 12:09:53.073" level="FAIL">'' does not contain 'appvm-catgirl'</msg>
<status status="FAIL" starttime="20220708 12:09:53.071" endtime="20220708 12:09:53.073"/>
</kw>
<msg timestamp="20220708 12:09:53.073" level="INFO">${status} = False</msg>
<status status="PASS" starttime="20220708 12:09:53.071" endtime="20220708 12:09:53.073"/>
</kw>
<kw name="Log To Console" library="BuiltIn">
<arg>${status}</arg>
<doc>Logs the given message to the console.</doc>
<status status="PASS" starttime="20220708 12:09:53.074" endtime="20220708 12:09:53.074"/>
</kw>
<if>
<branch type="IF" condition="${status}">
<break>
<status status="NOT RUN" starttime="20220708 12:09:53.075" endtime="20220708 12:09:53.075"/>
</break>
<status status="NOT RUN" starttime="20220708 12:09:53.075" endtime="20220708 12:09:53.075"/>
</branch>
<status status="PASS" starttime="20220708 12:09:53.074" endtime="20220708 12:09:53.075"/>
</if>
<status status="PASS" starttime="20220708 12:09:52.066" endtime="20220708 12:09:53.075"/>
</iter>
<iter>
<var name="${i}">8</var>
<kw name="Write Data" library="SerialLibrary">
<arg>${Data}${\n}</arg>
<doc>Writes data into the port.</doc>
<status status="PASS" starttime="20220708 12:09:53.075" endtime="20220708 12:09:53.075"/>
</kw>
<kw name="Read Until" library="SerialLibrary">
<var>${output}</var>
<arg>terminator=${TARGET_READ}</arg>
<doc>Read until a termination sequence is found, size exceeded or timeout.</doc>
<msg timestamp="20220708 12:09:54.078" level="INFO">${output} = </msg>
<status status="PASS" starttime="20220708 12:09:53.076" endtime="20220708 12:09:54.078"/>
</kw>
<kw name="Run Keyword And Return Status" library="BuiltIn">
<var>${status}</var>
<arg>Should contain</arg>
<arg>${output}</arg>
<arg>${TARGET_READ}</arg>
<doc>Runs the given keyword with given arguments and returns the status as a Boolean value.</doc>
<kw name="Should Contain" library="BuiltIn">
<arg>${output}</arg>
<arg>${TARGET_READ}</arg>
<doc>Fails if ``container`` does not contain ``item`` one or more times.</doc>
<msg timestamp="20220708 12:09:54.081" level="FAIL">'' does not contain 'appvm-catgirl'</msg>
<status status="FAIL" starttime="20220708 12:09:54.079" endtime="20220708 12:09:54.081"/>
</kw>
<msg timestamp="20220708 12:09:54.081" level="INFO">${status} = False</msg>
<status status="PASS" starttime="20220708 12:09:54.079" endtime="20220708 12:09:54.081"/>
</kw>
<kw name="Log To Console" library="BuiltIn">
<arg>${status}</arg>
<doc>Logs the given message to the console.</doc>
<status status="PASS" starttime="20220708 12:09:54.081" endtime="20220708 12:09:54.082"/>
</kw>
<if>
<branch type="IF" condition="${status}">
<break>
<status status="NOT RUN" starttime="20220708 12:09:54.083" endtime="20220708 12:09:54.083"/>
</break>
<status status="NOT RUN" starttime="20220708 12:09:54.083" endtime="20220708 12:09:54.083"/>
</branch>
<status status="PASS" starttime="20220708 12:09:54.082" endtime="20220708 12:09:54.083"/>
</if>
<status status="PASS" starttime="20220708 12:09:53.075" endtime="20220708 12:09:54.083"/>
</iter>
<iter>
<var name="${i}">9</var>
<kw name="Write Data" library="SerialLibrary">
<arg>${Data}${\n}</arg>
<doc>Writes data into the port.</doc>
<status status="PASS" starttime="20220708 12:09:54.083" endtime="20220708 12:09:54.084"/>
</kw>
<kw name="Read Until" library="SerialLibrary">
<var>${output}</var>
<arg>terminator=${TARGET_READ}</arg>
<doc>Read until a termination sequence is found, size exceeded or timeout.</doc>
<msg timestamp="20220708 12:09:55.087" level="INFO">${output} = </msg>
<status status="PASS" starttime="20220708 12:09:54.084" endtime="20220708 12:09:55.087"/>
</kw>
<kw name="Run Keyword And Return Status" library="BuiltIn">
<var>${status}</var>
<arg>Should contain</arg>
<arg>${output}</arg>
<arg>${TARGET_READ}</arg>
<doc>Runs the given keyword with given arguments and returns the status as a Boolean value.</doc>
<kw name="Should Contain" library="BuiltIn">
<arg>${output}</arg>
<arg>${TARGET_READ}</arg>
<doc>Fails if ``container`` does not contain ``item`` one or more times.</doc>
<msg timestamp="20220708 12:09:55.089" level="FAIL">'' does not contain 'appvm-catgirl'</msg>
<status status="FAIL" starttime="20220708 12:09:55.088" endtime="20220708 12:09:55.089"/>
</kw>
<msg timestamp="20220708 12:09:55.089" level="INFO">${status} = False</msg>
<status status="PASS" starttime="20220708 12:09:55.087" endtime="20220708 12:09:55.089"/>
</kw>
<kw name="Log To Console" library="BuiltIn">
<arg>${status}</arg>
<doc>Logs the given message to the console.</doc>
<status status="PASS" starttime="20220708 12:09:55.089" endtime="20220708 12:09:55.090"/>
</kw>
<if>
<branch type="IF" condition="${status}">
<break>
<status status="NOT RUN" starttime="20220708 12:09:55.090" endtime="20220708 12:09:55.090"/>
</break>
<status status="NOT RUN" starttime="20220708 12:09:55.090" endtime="20220708 12:09:55.091"/>
</branch>
<status status="PASS" starttime="20220708 12:09:55.090" endtime="20220708 12:09:55.091"/>
</if>
<status status="PASS" starttime="20220708 12:09:54.083" endtime="20220708 12:09:55.091"/>
</iter>
<iter>
<var name="${i}">10</var>
<kw name="Write Data" library="SerialLibrary">
<arg>${Data}${\n}</arg>
<doc>Writes data into the port.</doc>
<status status="PASS" starttime="20220708 12:09:55.091" endtime="20220708 12:09:55.092"/>
</kw>
<kw name="Read Until" library="SerialLibrary">
<var>${output}</var>
<arg>terminator=${TARGET_READ}</arg>
<doc>Read until a termination sequence is found, size exceeded or timeout.</doc>
<msg timestamp="20220708 12:09:56.094" level="INFO">${output} = </msg>
<status status="PASS" starttime="20220708 12:09:55.092" endtime="20220708 12:09:56.094"/>
</kw>
<kw name="Run Keyword And Return Status" library="BuiltIn">
<var>${status}</var>
<arg>Should contain</arg>
<arg>${output}</arg>
<arg>${TARGET_READ}</arg>
<doc>Runs the given keyword with given arguments and returns the status as a Boolean value.</doc>
<kw name="Should Contain" library="BuiltIn">
<arg>${output}</arg>
<arg>${TARGET_READ}</arg>
<doc>Fails if ``container`` does not contain ``item`` one or more times.</doc>
<msg timestamp="20220708 12:09:56.096" level="FAIL">'' does not contain 'appvm-catgirl'</msg>
<status status="FAIL" starttime="20220708 12:09:56.095" endtime="20220708 12:09:56.097"/>
</kw>
<msg timestamp="20220708 12:09:56.097" level="INFO">${status} = False</msg>
<status status="PASS" starttime="20220708 12:09:56.095" endtime="20220708 12:09:56.097"/>
</kw>
<kw name="Log To Console" library="BuiltIn">
<arg>${status}</arg>
<doc>Logs the given message to the console.</doc>
<status status="PASS" starttime="20220708 12:09:56.097" endtime="20220708 12:09:56.098"/>
</kw>
<if>
<branch type="IF" condition="${status}">
<break>
<status status="NOT RUN" starttime="20220708 12:09:56.098" endtime="20220708 12:09:56.099"/>
</break>
<status status="NOT RUN" starttime="20220708 12:09:56.098" endtime="20220708 12:09:56.099"/>
</branch>
<status status="PASS" starttime="20220708 12:09:56.098" endtime="20220708 12:09:56.099"/>
</if>
<status status="PASS" starttime="20220708 12:09:55.091" endtime="20220708 12:09:56.099"/>
</iter>
<iter>
<var name="${i}">11</var>
<kw name="Write Data" library="SerialLibrary">
<arg>${Data}${\n}</arg>
<doc>Writes data into the port.</doc>
<status status="PASS" starttime="20220708 12:09:56.099" endtime="20220708 12:09:56.099"/>
</kw>
<kw name="Read Until" library="SerialLibrary">
<var>${output}</var>
<arg>terminator=${TARGET_READ}</arg>
<doc>Read until a termination sequence is found, size exceeded or timeout.</doc>
<msg timestamp="20220708 12:09:57.103" level="INFO">${output} = </msg>
<status status="PASS" starttime="20220708 12:09:56.100" endtime="20220708 12:09:57.103"/>
</kw>
<kw name="Run Keyword And Return Status" library="BuiltIn">
<var>${status}</var>
<arg>Should contain</arg>
<arg>${output}</arg>
<arg>${TARGET_READ}</arg>
<doc>Runs the given keyword with given arguments and returns the status as a Boolean value.</doc>
<kw name="Should Contain" library="BuiltIn">
<arg>${output}</arg>
<arg>${TARGET_READ}</arg>
<doc>Fails if ``container`` does not contain ``item`` one or more times.</doc>
<msg timestamp="20220708 12:09:57.105" level="FAIL">'' does not contain 'appvm-catgirl'</msg>
<status status="FAIL" starttime="20220708 12:09:57.104" endtime="20220708 12:09:57.105"/>
</kw>
<msg timestamp="20220708 12:09:57.106" level="INFO">${status} = False</msg>
<status status="PASS" starttime="20220708 12:09:57.103" endtime="20220708 12:09:57.106"/>
</kw>
<kw name="Log To Console" library="BuiltIn">
<arg>${status}</arg>
<doc>Logs the given message to the console.</doc>
<status status="PASS" starttime="20220708 12:09:57.106" endtime="20220708 12:09:57.107"/>
</kw>
<if>
<branch type="IF" condition="${status}">
<break>
<status status="NOT RUN" starttime="20220708 12:09:57.107" endtime="20220708 12:09:57.108"/>
</break>
<status status="NOT RUN" starttime="20220708 12:09:57.107" endtime="20220708 12:09:57.108"/>
</branch>
<status status="PASS" starttime="20220708 12:09:57.107" endtime="20220708 12:09:57.108"/>
</if>
<status status="PASS" starttime="20220708 12:09:56.099" endtime="20220708 12:09:57.108"/>
</iter>
<iter>
<var name="${i}">12</var>
<kw name="Write Data" library="SerialLibrary">
<arg>${Data}${\n}</arg>
<doc>Writes data into the port.</doc>
<status status="PASS" starttime="20220708 12:09:57.108" endtime="20220708 12:09:57.108"/>
</kw>
<kw name="Read Until" library="SerialLibrary">
<var>${output}</var>
<arg>terminator=${TARGET_READ}</arg>
<doc>Read until a termination sequence is found, size exceeded or timeout.</doc>
<msg timestamp="20220708 12:09:58.110" level="INFO">${output} = </msg>
<status status="PASS" starttime="20220708 12:09:57.108" endtime="20220708 12:09:58.111"/>
</kw>
<kw name="Run Keyword And Return Status" library="BuiltIn">
<var>${status}</var>
<arg>Should contain</arg>
<arg>${output}</arg>
<arg>${TARGET_READ}</arg>
<doc>Runs the given keyword with given arguments and returns the status as a Boolean value.</doc>
<kw name="Should Contain" library="BuiltIn">
<arg>${output}</arg>
<arg>${TARGET_READ}</arg>
<doc>Fails if ``container`` does not contain ``item`` one or more times.</doc>
<msg timestamp="20220708 12:09:58.113" level="FAIL">'' does not contain 'appvm-catgirl'</msg>
<status status="FAIL" starttime="20220708 12:09:58.112" endtime="20220708 12:09:58.113"/>
</kw>
<msg timestamp="20220708 12:09:58.113" level="INFO">${status} = False</msg>
<status status="PASS" starttime="20220708 12:09:58.111" endtime="20220708 12:09:58.113"/>
</kw>
<kw name="Log To Console" library="BuiltIn">
<arg>${status}</arg>
<doc>Logs the given message to the console.</doc>
<status status="PASS" starttime="20220708 12:09:58.114" endtime="20220708 12:09:58.114"/>
</kw>
<if>
<branch type="IF" condition="${status}">
<break>
<status status="NOT RUN" starttime="20220708 12:09:58.115" endtime="20220708 12:09:58.115"/>
</break>
<status status="NOT RUN" starttime="20220708 12:09:58.115" endtime="20220708 12:09:58.115"/>
</branch>
<status status="PASS" starttime="20220708 12:09:58.115" endtime="20220708 12:09:58.115"/>
</if>
<status status="PASS" starttime="20220708 12:09:57.108" endtime="20220708 12:09:58.115"/>
</iter>
<iter>
<var name="${i}">13</var>
<kw name="Write Data" library="SerialLibrary">
<arg>${Data}${\n}</arg>
<doc>Writes data into the port.</doc>
<status status="PASS" starttime="20220708 12:09:58.115" endtime="20220708 12:09:58.116"/>
</kw>
<kw name="Read Until" library="SerialLibrary">
<var>${output}</var>
<arg>terminator=${TARGET_READ}</arg>
<doc>Read until a termination sequence is found, size exceeded or timeout.</doc>
<msg timestamp="20220708 12:09:59.118" level="INFO">${output} = </msg>
<status status="PASS" starttime="20220708 12:09:58.116" endtime="20220708 12:09:59.118"/>
</kw>
<kw name="Run Keyword And Return Status" library="BuiltIn">
<var>${status}</var>
<arg>Should contain</arg>
<arg>${output}</arg>
<arg>${TARGET_READ}</arg>
<doc>Runs the given keyword with given arguments and returns the status as a Boolean value.</doc>
<kw name="Should Contain" library="BuiltIn">
<arg>${output}</arg>
<arg>${TARGET_READ}</arg>
<doc>Fails if ``container`` does not contain ``item`` one or more times.</doc>
<msg timestamp="20220708 12:09:59.120" level="FAIL">'' does not contain 'appvm-catgirl'</msg>
<status status="FAIL" starttime="20220708 12:09:59.119" endtime="20220708 12:09:59.121"/>
</kw>
<msg timestamp="20220708 12:09:59.121" level="INFO">${status} = False</msg>
<status status="PASS" starttime="20220708 12:09:59.119" endtime="20220708 12:09:59.121"/>
</kw>
<kw name="Log To Console" library="BuiltIn">
<arg>${status}</arg>
<doc>Logs the given message to the console.</doc>
<status status="PASS" starttime="20220708 12:09:59.121" endtime="20220708 12:09:59.122"/>
</kw>
<if>
<branch type="IF" condition="${status}">
<break>
<status status="NOT RUN" starttime="20220708 12:09:59.122" endtime="20220708 12:09:59.123"/>
</break>
<status status="NOT RUN" starttime="20220708 12:09:59.122" endtime="20220708 12:09:59.123"/>
</branch>
<status status="PASS" starttime="20220708 12:09:59.122" endtime="20220708 12:09:59.123"/>
</if>
<status status="PASS" starttime="20220708 12:09:58.115" endtime="20220708 12:09:59.123"/>
</iter>
<iter>
<var name="${i}">14</var>
<kw name="Write Data" library="SerialLibrary">
<arg>${Data}${\n}</arg>
<doc>Writes data into the port.</doc>
<status status="PASS" starttime="20220708 12:09:59.123" endtime="20220708 12:09:59.123"/>
</kw>
<kw name="Read Until" library="SerialLibrary">
<var>${output}</var>
<arg>terminator=${TARGET_READ}</arg>
<doc>Read until a termination sequence is found, size exceeded or timeout.</doc>
<msg timestamp="20220708 12:10:00.126" level="INFO">${output} = </msg>
<status status="PASS" starttime="20220708 12:09:59.123" endtime="20220708 12:10:00.126"/>
</kw>
<kw name="Run Keyword And Return Status" library="BuiltIn">
<var>${status}</var>
<arg>Should contain</arg>
<arg>${output}</arg>
<arg>${TARGET_READ}</arg>
<doc>Runs the given keyword with given arguments and returns the status as a Boolean value.</doc>
<kw name="Should Contain" library="BuiltIn">
<arg>${output}</arg>
<arg>${TARGET_READ}</arg>
<doc>Fails if ``container`` does not contain ``item`` one or more times.</doc>
<msg timestamp="20220708 12:10:00.128" level="FAIL">'' does not contain 'appvm-catgirl'</msg>
<status status="FAIL" starttime="20220708 12:10:00.127" endtime="20220708 12:10:00.128"/>
</kw>
<msg timestamp="20220708 12:10:00.128" level="INFO">${status} = False</msg>
<status status="PASS" starttime="20220708 12:10:00.126" endtime="20220708 12:10:00.128"/>
</kw>
<kw name="Log To Console" library="BuiltIn">
<arg>${status}</arg>
<doc>Logs the given message to the console.</doc>
<status status="PASS" starttime="20220708 12:10:00.128" endtime="20220708 12:10:00.129"/>
</kw>
<if>
<branch type="IF" condition="${status}">
<break>
<status status="NOT RUN" starttime="20220708 12:10:00.129" endtime="20220708 12:10:00.130"/>
</break>
<status status="NOT RUN" starttime="20220708 12:10:00.129" endtime="20220708 12:10:00.130"/>
</branch>
<status status="PASS" starttime="20220708 12:10:00.129" endtime="20220708 12:10:00.130"/>
</if>
<status status="PASS" starttime="20220708 12:09:59.123" endtime="20220708 12:10:00.130"/>
</iter>
<iter>
<var name="${i}">15</var>
<kw name="Write Data" library="SerialLibrary">
<arg>${Data}${\n}</arg>
<doc>Writes data into the port.</doc>
<status status="PASS" starttime="20220708 12:10:00.130" endtime="20220708 12:10:00.131"/>
</kw>
<kw name="Read Until" library="SerialLibrary">
<var>${output}</var>
<arg>terminator=${TARGET_READ}</arg>
<doc>Read until a termination sequence is found, size exceeded or timeout.</doc>
<msg timestamp="20220708 12:10:01.133" level="INFO">${output} = </msg>
<status status="PASS" starttime="20220708 12:10:00.131" endtime="20220708 12:10:01.133"/>
</kw>
<kw name="Run Keyword And Return Status" library="BuiltIn">
<var>${status}</var>
<arg>Should contain</arg>
<arg>${output}</arg>
<arg>${TARGET_READ}</arg>
<doc>Runs the given keyword with given arguments and returns the status as a Boolean value.</doc>
<kw name="Should Contain" library="BuiltIn">
<arg>${output}</arg>
<arg>${TARGET_READ}</arg>
<doc>Fails if ``container`` does not contain ``item`` one or more times.</doc>
<msg timestamp="20220708 12:10:01.135" level="FAIL">'' does not contain 'appvm-catgirl'</msg>
<status status="FAIL" starttime="20220708 12:10:01.134" endtime="20220708 12:10:01.136"/>
</kw>
<msg timestamp="20220708 12:10:01.136" level="INFO">${status} = False</msg>
<status status="PASS" starttime="20220708 12:10:01.133" endtime="20220708 12:10:01.136"/>
</kw>
<kw name="Log To Console" library="BuiltIn">
<arg>${status}</arg>
<doc>Logs the given message to the console.</doc>
<status status="PASS" starttime="20220708 12:10:01.136" endtime="20220708 12:10:01.137"/>
</kw>
<if>
<branch type="IF" condition="${status}">
<break>
<status status="NOT RUN" starttime="20220708 12:10:01.137" endtime="20220708 12:10:01.137"/>
</break>
<status status="NOT RUN" starttime="20220708 12:10:01.137" endtime="20220708 12:10:01.137"/>
</branch>
<status status="PASS" starttime="20220708 12:10:01.137" endtime="20220708 12:10:01.137"/>
</if>
<status status="PASS" starttime="20220708 12:10:00.130" endtime="20220708 12:10:01.138"/>
</iter>
<iter>
<var name="${i}">16</var>
<kw name="Write Data" library="SerialLibrary">
<arg>${Data}${\n}</arg>
<doc>Writes data into the port.</doc>
<status status="PASS" starttime="20220708 12:10:01.138" endtime="20220708 12:10:01.138"/>
</kw>
<kw name="Read Until" library="SerialLibrary">
<var>${output}</var>
<arg>terminator=${TARGET_READ}</arg>
<doc>Read until a termination sequence is found, size exceeded or timeout.</doc>
<msg timestamp="20220708 12:10:02.141" level="INFO">${output} = </msg>
<status status="PASS" starttime="20220708 12:10:01.138" endtime="20220708 12:10:02.141"/>
</kw>
<kw name="Run Keyword And Return Status" library="BuiltIn">
<var>${status}</var>
<arg>Should contain</arg>
<arg>${output}</arg>
<arg>${TARGET_READ}</arg>
<doc>Runs the given keyword with given arguments and returns the status as a Boolean value.</doc>
<kw name="Should Contain" library="BuiltIn">
<arg>${output}</arg>
<arg>${TARGET_READ}</arg>
<doc>Fails if ``container`` does not contain ``item`` one or more times.</doc>
<msg timestamp="20220708 12:10:02.144" level="FAIL">'' does not contain 'appvm-catgirl'</msg>
<status status="FAIL" starttime="20220708 12:10:02.142" endtime="20220708 12:10:02.144"/>
</kw>
<msg timestamp="20220708 12:10:02.144" level="INFO">${status} = False</msg>
<status status="PASS" starttime="20220708 12:10:02.141" endtime="20220708 12:10:02.144"/>
</kw>
<kw name="Log To Console" library="BuiltIn">
<arg>${status}</arg>
<doc>Logs the given message to the console.</doc>
<status status="PASS" starttime="20220708 12:10:02.144" endtime="20220708 12:10:02.145"/>
</kw>
<if>
<branch type="IF" condition="${status}">
<break>
<status status="NOT RUN" starttime="20220708 12:10:02.146" endtime="20220708 12:10:02.146"/>
</break>
<status status="NOT RUN" starttime="20220708 12:10:02.146" endtime="20220708 12:10:02.146"/>
</branch>
<status status="PASS" starttime="20220708 12:10:02.145" endtime="20220708 12:10:02.146"/>
</if>
<status status="PASS" starttime="20220708 12:10:01.138" endtime="20220708 12:10:02.146"/>
</iter>
<iter>
<var name="${i}">17</var>
<kw name="Write Data" library="SerialLibrary">
<arg>${Data}${\n}</arg>
<doc>Writes data into the port.</doc>
<status status="PASS" starttime="20220708 12:10:02.146" endtime="20220708 12:10:02.146"/>
</kw>
<kw name="Read Until" library="SerialLibrary">
<var>${output}</var>
<arg>terminator=${TARGET_READ}</arg>
<doc>Read until a termination sequence is found, size exceeded or timeout.</doc>
<msg timestamp="20220708 12:10:03.148" level="INFO">${output} = </msg>
<status status="PASS" starttime="20220708 12:10:02.146" endtime="20220708 12:10:03.148"/>
</kw>
<kw name="Run Keyword And Return Status" library="BuiltIn">
<var>${status}</var>
<arg>Should contain</arg>
<arg>${output}</arg>
<arg>${TARGET_READ}</arg>
<doc>Runs the given keyword with given arguments and returns the status as a Boolean value.</doc>
<kw name="Should Contain" library="BuiltIn">
<arg>${output}</arg>
<arg>${TARGET_READ}</arg>
<doc>Fails if ``container`` does not contain ``item`` one or more times.</doc>
<msg timestamp="20220708 12:10:03.151" level="FAIL">'' does not contain 'appvm-catgirl'</msg>
<status status="FAIL" starttime="20220708 12:10:03.149" endtime="20220708 12:10:03.151"/>
</kw>
<msg timestamp="20220708 12:10:03.151" level="INFO">${status} = False</msg>
<status status="PASS" starttime="20220708 12:10:03.149" endtime="20220708 12:10:03.151"/>
</kw>
<kw name="Log To Console" library="BuiltIn">
<arg>${status}</arg>
<doc>Logs the given message to the console.</doc>
<status status="PASS" starttime="20220708 12:10:03.151" endtime="20220708 12:10:03.152"/>
</kw>
<if>
<branch type="IF" condition="${status}">
<break>
<status status="NOT RUN" starttime="20220708 12:10:03.153" endtime="20220708 12:10:03.153"/>
</break>
<status status="NOT RUN" starttime="20220708 12:10:03.152" endtime="20220708 12:10:03.153"/>
</branch>
<status status="PASS" starttime="20220708 12:10:03.152" endtime="20220708 12:10:03.153"/>
</if>
<status status="PASS" starttime="20220708 12:10:02.146" endtime="20220708 12:10:03.153"/>
</iter>
<iter>
<var name="${i}">18</var>
<kw name="Write Data" library="SerialLibrary">
<arg>${Data}${\n}</arg>
<doc>Writes data into the port.</doc>
<status status="PASS" starttime="20220708 12:10:03.153" endtime="20220708 12:10:03.153"/>
</kw>
<kw name="Read Until" library="SerialLibrary">
<var>${output}</var>
<arg>terminator=${TARGET_READ}</arg>
<doc>Read until a termination sequence is found, size exceeded or timeout.</doc>
<msg timestamp="20220708 12:10:04.156" level="INFO">${output} = </msg>
<status status="PASS" starttime="20220708 12:10:03.154" endtime="20220708 12:10:04.156"/>
</kw>
<kw name="Run Keyword And Return Status" library="BuiltIn">
<var>${status}</var>
<arg>Should contain</arg>
<arg>${output}</arg>
<arg>${TARGET_READ}</arg>
<doc>Runs the given keyword with given arguments and returns the status as a Boolean value.</doc>
<kw name="Should Contain" library="BuiltIn">
<arg>${output}</arg>
<arg>${TARGET_READ}</arg>
<doc>Fails if ``container`` does not contain ``item`` one or more times.</doc>
<msg timestamp="20220708 12:10:04.158" level="FAIL">'' does not contain 'appvm-catgirl'</msg>
<status status="FAIL" starttime="20220708 12:10:04.157" endtime="20220708 12:10:04.158"/>
</kw>
<msg timestamp="20220708 12:10:04.159" level="INFO">${status} = False</msg>
<status status="PASS" starttime="20220708 12:10:04.156" endtime="20220708 12:10:04.159"/>
</kw>
<kw name="Log To Console" library="BuiltIn">
<arg>${status}</arg>
<doc>Logs the given message to the console.</doc>
<status status="PASS" starttime="20220708 12:10:04.159" endtime="20220708 12:10:04.160"/>
</kw>
<if>
<branch type="IF" condition="${status}">
<break>
<status status="NOT RUN" starttime="20220708 12:10:04.160" endtime="20220708 12:10:04.160"/>
</break>
<status status="NOT RUN" starttime="20220708 12:10:04.160" endtime="20220708 12:10:04.160"/>
</branch>
<status status="PASS" starttime="20220708 12:10:04.160" endtime="20220708 12:10:04.160"/>
</if>
<status status="PASS" starttime="20220708 12:10:03.153" endtime="20220708 12:10:04.160"/>
</iter>
<iter>
<var name="${i}">19</var>
<kw name="Write Data" library="SerialLibrary">
<arg>${Data}${\n}</arg>
<doc>Writes data into the port.</doc>
<status status="PASS" starttime="20220708 12:10:04.161" endtime="20220708 12:10:04.161"/>
</kw>
<kw name="Read Until" library="SerialLibrary">
<var>${output}</var>
<arg>terminator=${TARGET_READ}</arg>
<doc>Read until a termination sequence is found, size exceeded or timeout.</doc>
<msg timestamp="20220708 12:10:05.163" level="INFO">${output} = </msg>
<status status="PASS" starttime="20220708 12:10:04.161" endtime="20220708 12:10:05.163"/>
</kw>
<kw name="Run Keyword And Return Status" library="BuiltIn">
<var>${status}</var>
<arg>Should contain</arg>
<arg>${output}</arg>
<arg>${TARGET_READ}</arg>
<doc>Runs the given keyword with given arguments and returns the status as a Boolean value.</doc>
<kw name="Should Contain" library="BuiltIn">
<arg>${output}</arg>
<arg>${TARGET_READ}</arg>
<doc>Fails if ``container`` does not contain ``item`` one or more times.</doc>
<msg timestamp="20220708 12:10:05.165" level="FAIL">'' does not contain 'appvm-catgirl'</msg>
<status status="FAIL" starttime="20220708 12:10:05.164" endtime="20220708 12:10:05.165"/>
</kw>
<msg timestamp="20220708 12:10:05.166" level="INFO">${status} = False</msg>
<status status="PASS" starttime="20220708 12:10:05.163" endtime="20220708 12:10:05.166"/>
</kw>
<kw name="Log To Console" library="BuiltIn">
<arg>${status}</arg>
<doc>Logs the given message to the console.</doc>
<status status="PASS" starttime="20220708 12:10:05.166" endtime="20220708 12:10:05.167"/>
</kw>
<if>
<branch type="IF" condition="${status}">
<break>
<status status="NOT RUN" starttime="20220708 12:10:05.167" endtime="20220708 12:10:05.167"/>
</break>
<status status="NOT RUN" starttime="20220708 12:10:05.167" endtime="20220708 12:10:05.167"/>
</branch>
<status status="PASS" starttime="20220708 12:10:05.167" endtime="20220708 12:10:05.168"/>
</if>
<status status="PASS" starttime="20220708 12:10:04.161" endtime="20220708 12:10:05.168"/>
</iter>
<iter>
<var name="${i}">20</var>
<kw name="Write Data" library="SerialLibrary">
<arg>${Data}${\n}</arg>
<doc>Writes data into the port.</doc>
<status status="PASS" starttime="20220708 12:10:05.168" endtime="20220708 12:10:05.168"/>
</kw>
<kw name="Read Until" library="SerialLibrary">
<var>${output}</var>
<arg>terminator=${TARGET_READ}</arg>
<doc>Read until a termination sequence is found, size exceeded or timeout.</doc>
<msg timestamp="20220708 12:10:06.170" level="INFO">${output} = </msg>
<status status="PASS" starttime="20220708 12:10:05.168" endtime="20220708 12:10:06.171"/>
</kw>
<kw name="Run Keyword And Return Status" library="BuiltIn">
<var>${status}</var>
<arg>Should contain</arg>
<arg>${output}</arg>
<arg>${TARGET_READ}</arg>
<doc>Runs the given keyword with given arguments and returns the status as a Boolean value.</doc>
<kw name="Should Contain" library="BuiltIn">
<arg>${output}</arg>
<arg>${TARGET_READ}</arg>
<doc>Fails if ``container`` does not contain ``item`` one or more times.</doc>
<msg timestamp="20220708 12:10:06.173" level="FAIL">'' does not contain 'appvm-catgirl'</msg>
<status status="FAIL" starttime="20220708 12:10:06.172" endtime="20220708 12:10:06.173"/>
</kw>
<msg timestamp="20220708 12:10:06.173" level="INFO">${status} = False</msg>
<status status="PASS" starttime="20220708 12:10:06.171" endtime="20220708 12:10:06.173"/>
</kw>
<kw name="Log To Console" library="BuiltIn">
<arg>${status}</arg>
<doc>Logs the given message to the console.</doc>
<status status="PASS" starttime="20220708 12:10:06.174" endtime="20220708 12:10:06.174"/>
</kw>
<if>
<branch type="IF" condition="${status}">
<break>
<status status="NOT RUN" starttime="20220708 12:10:06.175" endtime="20220708 12:10:06.175"/>
</break>
<status status="NOT RUN" starttime="20220708 12:10:06.175" endtime="20220708 12:10:06.175"/>
</branch>
<status status="PASS" starttime="20220708 12:10:06.175" endtime="20220708 12:10:06.175"/>
</if>
<status status="PASS" starttime="20220708 12:10:05.168" endtime="20220708 12:10:06.175"/>
</iter>
<iter>
<var name="${i}">21</var>
<kw name="Write Data" library="SerialLibrary">
<arg>${Data}${\n}</arg>
<doc>Writes data into the port.</doc>
<status status="PASS" starttime="20220708 12:10:06.175" endtime="20220708 12:10:06.176"/>
</kw>
<kw name="Read Until" library="SerialLibrary">
<var>${output}</var>
<arg>terminator=${TARGET_READ}</arg>
<doc>Read until a termination sequence is found, size exceeded or timeout.</doc>
<msg timestamp="20220708 12:10:07.178" level="INFO">${output} = </msg>
<status status="PASS" starttime="20220708 12:10:06.176" endtime="20220708 12:10:07.178"/>
</kw>
<kw name="Run Keyword And Return Status" library="BuiltIn">
<var>${status}</var>
<arg>Should contain</arg>
<arg>${output}</arg>
<arg>${TARGET_READ}</arg>
<doc>Runs the given keyword with given arguments and returns the status as a Boolean value.</doc>
<kw name="Should Contain" library="BuiltIn">
<arg>${output}</arg>
<arg>${TARGET_READ}</arg>
<doc>Fails if ``container`` does not contain ``item`` one or more times.</doc>
<msg timestamp="20220708 12:10:07.180" level="FAIL">'' does not contain 'appvm-catgirl'</msg>
<status status="FAIL" starttime="20220708 12:10:07.179" endtime="20220708 12:10:07.181"/>
</kw>
<msg timestamp="20220708 12:10:07.181" level="INFO">${status} = False</msg>
<status status="PASS" starttime="20220708 12:10:07.178" endtime="20220708 12:10:07.181"/>
</kw>
<kw name="Log To Console" library="BuiltIn">
<arg>${status}</arg>
<doc>Logs the given message to the console.</doc>
<status status="PASS" starttime="20220708 12:10:07.181" endtime="20220708 12:10:07.182"/>
</kw>
<if>
<branch type="IF" condition="${status}">
<break>
<status status="NOT RUN" starttime="20220708 12:10:07.182" endtime="20220708 12:10:07.182"/>
</break>
<status status="NOT RUN" starttime="20220708 12:10:07.182" endtime="20220708 12:10:07.182"/>
</branch>
<status status="PASS" starttime="20220708 12:10:07.182" endtime="20220708 12:10:07.182"/>
</if>
<status status="PASS" starttime="20220708 12:10:06.175" endtime="20220708 12:10:07.182"/>
</iter>
<iter>
<var name="${i}">22</var>
<kw name="Write Data" library="SerialLibrary">
<arg>${Data}${\n}</arg>
<doc>Writes data into the port.</doc>
<status status="PASS" starttime="20220708 12:10:07.183" endtime="20220708 12:10:07.183"/>
</kw>
<kw name="Read Until" library="SerialLibrary">
<var>${output}</var>
<arg>terminator=${TARGET_READ}</arg>
<doc>Read until a termination sequence is found, size exceeded or timeout.</doc>
<msg timestamp="20220708 12:10:08.185" level="INFO">${output} = </msg>
<status status="PASS" starttime="20220708 12:10:07.183" endtime="20220708 12:10:08.185"/>
</kw>
<kw name="Run Keyword And Return Status" library="BuiltIn">
<var>${status}</var>
<arg>Should contain</arg>
<arg>${output}</arg>
<arg>${TARGET_READ}</arg>
<doc>Runs the given keyword with given arguments and returns the status as a Boolean value.</doc>
<kw name="Should Contain" library="BuiltIn">
<arg>${output}</arg>
<arg>${TARGET_READ}</arg>
<doc>Fails if ``container`` does not contain ``item`` one or more times.</doc>
<msg timestamp="20220708 12:10:08.187" level="FAIL">'' does not contain 'appvm-catgirl'</msg>
<status status="FAIL" starttime="20220708 12:10:08.186" endtime="20220708 12:10:08.188"/>
</kw>
<msg timestamp="20220708 12:10:08.188" level="INFO">${status} = False</msg>
<status status="PASS" starttime="20220708 12:10:08.186" endtime="20220708 12:10:08.188"/>
</kw>
<kw name="Log To Console" library="BuiltIn">
<arg>${status}</arg>
<doc>Logs the given message to the console.</doc>
<status status="PASS" starttime="20220708 12:10:08.188" endtime="20220708 12:10:08.189"/>
</kw>
<if>
<branch type="IF" condition="${status}">
<break>
<status status="NOT RUN" starttime="20220708 12:10:08.189" endtime="20220708 12:10:08.189"/>
</break>
<status status="NOT RUN" starttime="20220708 12:10:08.189" endtime="20220708 12:10:08.190"/>
</branch>
<status status="PASS" starttime="20220708 12:10:08.189" endtime="20220708 12:10:08.190"/>
</if>
<status status="PASS" starttime="20220708 12:10:07.182" endtime="20220708 12:10:08.190"/>
</iter>
<iter>
<var name="${i}">23</var>
<kw name="Write Data" library="SerialLibrary">
<arg>${Data}${\n}</arg>
<doc>Writes data into the port.</doc>
<status status="PASS" starttime="20220708 12:10:08.190" endtime="20220708 12:10:08.190"/>
</kw>
<kw name="Read Until" library="SerialLibrary">
<var>${output}</var>
<arg>terminator=${TARGET_READ}</arg>
<doc>Read until a termination sequence is found, size exceeded or timeout.</doc>
<msg timestamp="20220708 12:10:09.193" level="INFO">${output} = </msg>
<status status="PASS" starttime="20220708 12:10:08.190" endtime="20220708 12:10:09.193"/>
</kw>
<kw name="Run Keyword And Return Status" library="BuiltIn">
<var>${status}</var>
<arg>Should contain</arg>
<arg>${output}</arg>
<arg>${TARGET_READ}</arg>
<doc>Runs the given keyword with given arguments and returns the status as a Boolean value.</doc>
<kw name="Should Contain" library="BuiltIn">
<arg>${output}</arg>
<arg>${TARGET_READ}</arg>
<doc>Fails if ``container`` does not contain ``item`` one or more times.</doc>
<msg timestamp="20220708 12:10:09.195" level="FAIL">'' does not contain 'appvm-catgirl'</msg>
<status status="FAIL" starttime="20220708 12:10:09.194" endtime="20220708 12:10:09.195"/>
</kw>
<msg timestamp="20220708 12:10:09.195" level="INFO">${status} = False</msg>
<status status="PASS" starttime="20220708 12:10:09.193" endtime="20220708 12:10:09.195"/>
</kw>
<kw name="Log To Console" library="BuiltIn">
<arg>${status}</arg>
<doc>Logs the given message to the console.</doc>
<status status="PASS" starttime="20220708 12:10:09.196" endtime="20220708 12:10:09.196"/>
</kw>
<if>
<branch type="IF" condition="${status}">
<break>
<status status="NOT RUN" starttime="20220708 12:10:09.197" endtime="20220708 12:10:09.197"/>
</break>
<status status="NOT RUN" starttime="20220708 12:10:09.197" endtime="20220708 12:10:09.197"/>
</branch>
<status status="PASS" starttime="20220708 12:10:09.197" endtime="20220708 12:10:09.197"/>
</if>
<status status="PASS" starttime="20220708 12:10:08.190" endtime="20220708 12:10:09.197"/>
</iter>
<iter>
<var name="${i}">24</var>
<kw name="Write Data" library="SerialLibrary">
<arg>${Data}${\n}</arg>
<doc>Writes data into the port.</doc>
<status status="PASS" starttime="20220708 12:10:09.198" endtime="20220708 12:10:09.198"/>
</kw>
<kw name="Read Until" library="SerialLibrary">
<var>${output}</var>
<arg>terminator=${TARGET_READ}</arg>
<doc>Read until a termination sequence is found, size exceeded or timeout.</doc>
<msg timestamp="20220708 12:10:10.201" level="INFO">${output} = </msg>
<status status="PASS" starttime="20220708 12:10:09.198" endtime="20220708 12:10:10.201"/>
</kw>
<kw name="Run Keyword And Return Status" library="BuiltIn">
<var>${status}</var>
<arg>Should contain</arg>
<arg>${output}</arg>
<arg>${TARGET_READ}</arg>
<doc>Runs the given keyword with given arguments and returns the status as a Boolean value.</doc>
<kw name="Should Contain" library="BuiltIn">
<arg>${output}</arg>
<arg>${TARGET_READ}</arg>
<doc>Fails if ``container`` does not contain ``item`` one or more times.</doc>
<msg timestamp="20220708 12:10:10.203" level="FAIL">'' does not contain 'appvm-catgirl'</msg>
<status status="FAIL" starttime="20220708 12:10:10.202" endtime="20220708 12:10:10.204"/>
</kw>
<msg timestamp="20220708 12:10:10.204" level="INFO">${status} = False</msg>
<status status="PASS" starttime="20220708 12:10:10.201" endtime="20220708 12:10:10.204"/>
</kw>
<kw name="Log To Console" library="BuiltIn">
<arg>${status}</arg>
<doc>Logs the given message to the console.</doc>
<status status="PASS" starttime="20220708 12:10:10.204" endtime="20220708 12:10:10.205"/>
</kw>
<if>
<branch type="IF" condition="${status}">
<break>
<status status="NOT RUN" starttime="20220708 12:10:10.205" endtime="20220708 12:10:10.205"/>
</break>
<status status="NOT RUN" starttime="20220708 12:10:10.205" endtime="20220708 12:10:10.206"/>
</branch>
<status status="PASS" starttime="20220708 12:10:10.205" endtime="20220708 12:10:10.206"/>
</if>
<status status="PASS" starttime="20220708 12:10:09.197" endtime="20220708 12:10:10.206"/>
</iter>
<iter>
<var name="${i}">25</var>
<kw name="Write Data" library="SerialLibrary">
<arg>${Data}${\n}</arg>
<doc>Writes data into the port.</doc>
<status status="PASS" starttime="20220708 12:10:10.206" endtime="20220708 12:10:10.206"/>
</kw>
<kw name="Read Until" library="SerialLibrary">
<var>${output}</var>
<arg>terminator=${TARGET_READ}</arg>
<doc>Read until a termination sequence is found, size exceeded or timeout.</doc>
<msg timestamp="20220708 12:10:11.208" level="INFO">${output} = </msg>
<status status="PASS" starttime="20220708 12:10:10.206" endtime="20220708 12:10:11.209"/>
</kw>
<kw name="Run Keyword And Return Status" library="BuiltIn">
<var>${status}</var>
<arg>Should contain</arg>
<arg>${output}</arg>
<arg>${TARGET_READ}</arg>
<doc>Runs the given keyword with given arguments and returns the status as a Boolean value.</doc>
<kw name="Should Contain" library="BuiltIn">
<arg>${output}</arg>
<arg>${TARGET_READ}</arg>
<doc>Fails if ``container`` does not contain ``item`` one or more times.</doc>
<msg timestamp="20220708 12:10:11.211" level="FAIL">'' does not contain 'appvm-catgirl'</msg>
<status status="FAIL" starttime="20220708 12:10:11.210" endtime="20220708 12:10:11.211"/>
</kw>
<msg timestamp="20220708 12:10:11.212" level="INFO">${status} = False</msg>
<status status="PASS" starttime="20220708 12:10:11.209" endtime="20220708 12:10:11.212"/>
</kw>
<kw name="Log To Console" library="BuiltIn">
<arg>${status}</arg>
<doc>Logs the given message to the console.</doc>
<status status="PASS" starttime="20220708 12:10:11.212" endtime="20220708 12:10:11.213"/>
</kw>
<if>
<branch type="IF" condition="${status}">
<break>
<status status="NOT RUN" starttime="20220708 12:10:11.213" endtime="20220708 12:10:11.213"/>
</break>
<status status="NOT RUN" starttime="20220708 12:10:11.213" endtime="20220708 12:10:11.213"/>
</branch>
<status status="PASS" starttime="20220708 12:10:11.213" endtime="20220708 12:10:11.213"/>
</if>
<status status="PASS" starttime="20220708 12:10:10.206" endtime="20220708 12:10:11.213"/>
</iter>
<iter>
<var name="${i}">26</var>
<kw name="Write Data" library="SerialLibrary">
<arg>${Data}${\n}</arg>
<doc>Writes data into the port.</doc>
<status status="PASS" starttime="20220708 12:10:11.214" endtime="20220708 12:10:11.214"/>
</kw>
<kw name="Read Until" library="SerialLibrary">
<var>${output}</var>
<arg>terminator=${TARGET_READ}</arg>
<doc>Read until a termination sequence is found, size exceeded or timeout.</doc>
<msg timestamp="20220708 12:10:12.217" level="INFO">${output} = </msg>
<status status="PASS" starttime="20220708 12:10:11.214" endtime="20220708 12:10:12.217"/>
</kw>
<kw name="Run Keyword And Return Status" library="BuiltIn">
<var>${status}</var>
<arg>Should contain</arg>
<arg>${output}</arg>
<arg>${TARGET_READ}</arg>
<doc>Runs the given keyword with given arguments and returns the status as a Boolean value.</doc>
<kw name="Should Contain" library="BuiltIn">
<arg>${output}</arg>
<arg>${TARGET_READ}</arg>
<doc>Fails if ``container`` does not contain ``item`` one or more times.</doc>
<msg timestamp="20220708 12:10:12.220" level="FAIL">'' does not contain 'appvm-catgirl'</msg>
<status status="FAIL" starttime="20220708 12:10:12.219" endtime="20220708 12:10:12.221"/>
</kw>
<msg timestamp="20220708 12:10:12.221" level="INFO">${status} = False</msg>
<status status="PASS" starttime="20220708 12:10:12.218" endtime="20220708 12:10:12.221"/>
</kw>
<kw name="Log To Console" library="BuiltIn">
<arg>${status}</arg>
<doc>Logs the given message to the console.</doc>
<status status="PASS" starttime="20220708 12:10:12.221" endtime="20220708 12:10:12.222"/>
</kw>
<if>
<branch type="IF" condition="${status}">
<break>
<status status="NOT RUN" starttime="20220708 12:10:12.222" endtime="20220708 12:10:12.222"/>
</break>
<status status="NOT RUN" starttime="20220708 12:10:12.222" endtime="20220708 12:10:12.222"/>
</branch>
<status status="PASS" starttime="20220708 12:10:12.222" endtime="20220708 12:10:12.222"/>
</if>
<status status="PASS" starttime="20220708 12:10:11.213" endtime="20220708 12:10:12.222"/>
</iter>
<iter>
<var name="${i}">27</var>
<kw name="Write Data" library="SerialLibrary">
<arg>${Data}${\n}</arg>
<doc>Writes data into the port.</doc>
<status status="PASS" starttime="20220708 12:10:12.222" endtime="20220708 12:10:12.223"/>
</kw>
<kw name="Read Until" library="SerialLibrary">
<var>${output}</var>
<arg>terminator=${TARGET_READ}</arg>
<doc>Read until a termination sequence is found, size exceeded or timeout.</doc>
<msg timestamp="20220708 12:10:13.226" level="INFO">${output} = </msg>
<status status="PASS" starttime="20220708 12:10:12.223" endtime="20220708 12:10:13.226"/>
</kw>
<kw name="Run Keyword And Return Status" library="BuiltIn">
<var>${status}</var>
<arg>Should contain</arg>
<arg>${output}</arg>
<arg>${TARGET_READ}</arg>
<doc>Runs the given keyword with given arguments and returns the status as a Boolean value.</doc>
<kw name="Should Contain" library="BuiltIn">
<arg>${output}</arg>
<arg>${TARGET_READ}</arg>
<doc>Fails if ``container`` does not contain ``item`` one or more times.</doc>
<msg timestamp="20220708 12:10:13.229" level="FAIL">'' does not contain 'appvm-catgirl'</msg>
<status status="FAIL" starttime="20220708 12:10:13.227" endtime="20220708 12:10:13.229"/>
</kw>
<msg timestamp="20220708 12:10:13.229" level="INFO">${status} = False</msg>
<status status="PASS" starttime="20220708 12:10:13.227" endtime="20220708 12:10:13.229"/>
</kw>
<kw name="Log To Console" library="BuiltIn">
<arg>${status}</arg>
<doc>Logs the given message to the console.</doc>
<status status="PASS" starttime="20220708 12:10:13.229" endtime="20220708 12:10:13.230"/>
</kw>
<if>
<branch type="IF" condition="${status}">
<break>
<status status="NOT RUN" starttime="20220708 12:10:13.231" endtime="20220708 12:10:13.231"/>
</break>
<status status="NOT RUN" starttime="20220708 12:10:13.231" endtime="20220708 12:10:13.231"/>
</branch>
[...]
</if>
<status status="PASS" starttime="20220708 12:10:14.239" endtime="20220708 12:10:15.247"/>
</iter>
<iter>
<var name="${i}">30</var>
<kw name="Write Data" library="SerialLibrary">
<arg>${Data}${\n}</arg>
<doc>Writes data into the port.</doc>
<status status="PASS" starttime="20220708 12:10:15.247" endtime="20220708 12:10:15.247"/>
</kw>
<kw name="Read Until" library="SerialLibrary">
<var>${output}</var>
<arg>terminator=${TARGET_READ}</arg>
<doc>Read until a termination sequence is found, size exceeded or timeout.</doc>
<msg timestamp="20220708 12:10:16.251" level="INFO">${output} = </msg>
<status status="PASS" starttime="20220708 12:10:15.248" endtime="20220708 12:10:16.251"/>
</kw>
<kw name="Run Keyword And Return Status" library="BuiltIn">
<var>${status}</var>
<arg>Should contain</arg>
<arg>${output}</arg>
<arg>${TARGET_READ}</arg>
<doc>Runs the given keyword with given arguments and returns the status as a Boolean value.</doc>
<kw name="Should Contain" library="BuiltIn">
<arg>${output}</arg>
<arg>${TARGET_READ}</arg>
<doc>Fails if ``container`` does not contain ``item`` one or more times.</doc>
<msg timestamp="20220708 12:10:16.253" level="FAIL">'' does not contain 'appvm-catgirl'</msg>
<status status="FAIL" starttime="20220708 12:10:16.252" endtime="20220708 12:10:16.253"/>
</kw>
<msg timestamp="20220708 12:10:16.254" level="INFO">${status} = False</msg>
<status status="PASS" starttime="20220708 12:10:16.251" endtime="20220708 12:10:16.254"/>
</kw>
<kw name="Log To Console" library="BuiltIn">
<arg>${status}</arg>
<doc>Logs the given message to the console.</doc>
<status status="PASS" starttime="20220708 12:10:16.254" endtime="20220708 12:10:16.255"/>
</kw>
<if>
<branch type="IF" condition="${status}">
<break>
<status status="NOT RUN" starttime="20220708 12:10:16.255" endtime="20220708 12:10:16.255"/>
</break>
<status status="NOT RUN" starttime="20220708 12:10:16.255" endtime="20220708 12:10:16.255"/>
</branch>
<status status="PASS" starttime="20220708 12:10:16.255" endtime="20220708 12:10:16.255"/>
</if>
<status status="PASS" starttime="20220708 12:10:15.247" endtime="20220708 12:10:16.255"/>
</iter>
<iter>
<var name="${i}">31</var>
<kw name="Write Data" library="SerialLibrary">
<arg>${Data}${\n}</arg>
<doc>Writes data into the port.</doc>
<status status="PASS" starttime="20220708 12:10:16.256" endtime="20220708 12:10:16.256"/>
</kw>
<kw name="Read Until" library="SerialLibrary">
<var>${output}</var>
<arg>terminator=${TARGET_READ}</arg>
<doc>Read until a termination sequence is found, size exceeded or timeout.</doc>
<msg timestamp="20220708 12:10:17.259" level="INFO">${output} = </msg>
<status status="PASS" starttime="20220708 12:10:16.256" endtime="20220708 12:10:17.260"/>
</kw>
<kw name="Run Keyword And Return Status" library="BuiltIn">
<var>${status}</var>
<arg>Should contain</arg>
<arg>${output}</arg>
<arg>${TARGET_READ}</arg>
<doc>Runs the given keyword with given arguments and returns the status as a Boolean value.</doc>
<kw name="Should Contain" library="BuiltIn">
<arg>${output}</arg>
<arg>${TARGET_READ}</arg>
<doc>Fails if ``container`` does not contain ``item`` one or more times.</doc>
<msg timestamp="20220708 12:10:17.262" level="FAIL">'' does not contain 'appvm-catgirl'</msg>
<status status="FAIL" starttime="20220708 12:10:17.261" endtime="20220708 12:10:17.262"/>
</kw>
<msg timestamp="20220708 12:10:17.263" level="INFO">${status} = False</msg>
<status status="PASS" starttime="20220708 12:10:17.260" endtime="20220708 12:10:17.263"/>
</kw>
<kw name="Log To Console" library="BuiltIn">
<arg>${status}</arg>
<doc>Logs the given message to the console.</doc>
<status status="PASS" starttime="20220708 12:10:17.263" endtime="20220708 12:10:17.264"/>
</kw>
<if>
<branch type="IF" condition="${status}">
<break>
<status status="NOT RUN" starttime="20220708 12:10:17.264" endtime="20220708 12:10:17.264"/>
</break>
<status status="NOT RUN" starttime="20220708 12:10:17.264" endtime="20220708 12:10:17.264"/>
</branch>
<status status="PASS" starttime="20220708 12:10:17.264" endtime="20220708 12:10:17.264"/>
</if>
<status status="PASS" starttime="20220708 12:10:16.256" endtime="20220708 12:10:17.264"/>
</iter>
<iter>
<var name="${i}">32</var>
<kw name="Write Data" library="SerialLibrary">
<arg>${Data}${\n}</arg>
<doc>Writes data into the port.</doc>
<status status="PASS" starttime="20220708 12:10:17.265" endtime="20220708 12:10:17.265"/>
</kw>
<kw name="Read Until" library="SerialLibrary">
<var>${output}</var>
<arg>terminator=${TARGET_READ}</arg>
<doc>Read until a termination sequence is found, size exceeded or timeout.</doc>
<msg timestamp="20220708 12:10:18.268" level="INFO">${output} = </msg>
<status status="PASS" starttime="20220708 12:10:17.265" endtime="20220708 12:10:18.268"/>
</kw>
<kw name="Run Keyword And Return Status" library="BuiltIn">
<var>${status}</var>
<arg>Should contain</arg>
<arg>${output}</arg>
<arg>${TARGET_READ}</arg>
<doc>Runs the given keyword with given arguments and returns the status as a Boolean value.</doc>
<kw name="Should Contain" library="BuiltIn">
<arg>${output}</arg>
<arg>${TARGET_READ}</arg>
<doc>Fails if ``container`` does not contain ``item`` one or more times.</doc>
<msg timestamp="20220708 12:10:18.271" level="FAIL">'' does not contain 'appvm-catgirl'</msg>
<status status="FAIL" starttime="20220708 12:10:18.269" endtime="20220708 12:10:18.271"/>
</kw>
<msg timestamp="20220708 12:10:18.271" level="INFO">${status} = False</msg>
<status status="PASS" starttime="20220708 12:10:18.269" endtime="20220708 12:10:18.271"/>
</kw>
<kw name="Log To Console" library="BuiltIn">
<arg>${status}</arg>
<doc>Logs the given message to the console.</doc>
<status status="PASS" starttime="20220708 12:10:18.271" endtime="20220708 12:10:18.272"/>
</kw>
<if>
<branch type="IF" condition="${status}">
<break>
<status status="NOT RUN" starttime="20220708 12:10:18.272" endtime="20220708 12:10:18.272"/>
</break>
<status status="NOT RUN" starttime="20220708 12:10:18.272" endtime="20220708 12:10:18.272"/>
</branch>
<status status="PASS" starttime="20220708 12:10:18.272" endtime="20220708 12:10:18.272"/>
</if>
<status status="PASS" starttime="20220708 12:10:17.265" endtime="20220708 12:10:18.272"/>
</iter>
<iter>
<var name="${i}">33</var>
<kw name="Write Data" library="SerialLibrary">
<arg>${Data}${\n}</arg>
<doc>Writes data into the port.</doc>
<status status="PASS" starttime="20220708 12:10:18.272" endtime="20220708 12:10:18.273"/>
</kw>
<kw name="Read Until" library="SerialLibrary">
<var>${output}</var>
<arg>terminator=${TARGET_READ}</arg>
<doc>Read until a termination sequence is found, size exceeded or timeout.</doc>
<msg timestamp="20220708 12:10:19.276" level="INFO">${output} = </msg>
<status status="PASS" starttime="20220708 12:10:18.273" endtime="20220708 12:10:19.276"/>
</kw>
<kw name="Run Keyword And Return Status" library="BuiltIn">
<var>${status}</var>
<arg>Should contain</arg>
<arg>${output}</arg>
<arg>${TARGET_READ}</arg>
<doc>Runs the given keyword with given arguments and returns the status as a Boolean value.</doc>
<kw name="Should Contain" library="BuiltIn">
<arg>${output}</arg>
<arg>${TARGET_READ}</arg>
<doc>Fails if ``container`` does not contain ``item`` one or more times.</doc>
<msg timestamp="20220708 12:10:19.279" level="FAIL">'' does not contain 'appvm-catgirl'</msg>
<status status="FAIL" starttime="20220708 12:10:19.277" endtime="20220708 12:10:19.279"/>
</kw>
<msg timestamp="20220708 12:10:19.279" level="INFO">${status} = False</msg>
<status status="PASS" starttime="20220708 12:10:19.276" endtime="20220708 12:10:19.279"/>
</kw>
<kw name="Log To Console" library="BuiltIn">
<arg>${status}</arg>
<doc>Logs the given message to the console.</doc>
<status status="PASS" starttime="20220708 12:10:19.279" endtime="20220708 12:10:19.280"/>
</kw>
<if>
<branch type="IF" condition="${status}">
<break>
<status status="NOT RUN" starttime="20220708 12:10:19.281" endtime="20220708 12:10:19.281"/>
</break>
<status status="NOT RUN" starttime="20220708 12:10:19.281" endtime="20220708 12:10:19.281"/>
</branch>
<status status="PASS" starttime="20220708 12:10:19.280" endtime="20220708 12:10:19.281"/>
</if>
<status status="PASS" starttime="20220708 12:10:18.272" endtime="20220708 12:10:19.281"/>
</iter>
<iter>
<var name="${i}">34</var>
<kw name="Write Data" library="SerialLibrary">
<arg>${Data}${\n}</arg>
<doc>Writes data into the port.</doc>
<status status="PASS" starttime="20220708 12:10:19.281" endtime="20220708 12:10:19.281"/>
</kw>
<kw name="Read Until" library="SerialLibrary">
<var>${output}</var>
<arg>terminator=${TARGET_READ}</arg>
<doc>Read until a termination sequence is found, size exceeded or timeout.</doc>
<msg timestamp="20220708 12:10:20.283" level="INFO">${output} = </msg>
<status status="PASS" starttime="20220708 12:10:19.282" endtime="20220708 12:10:20.283"/>
</kw>
<kw name="Run Keyword And Return Status" library="BuiltIn">
<var>${status}</var>
<arg>Should contain</arg>
<arg>${output}</arg>
<arg>${TARGET_READ}</arg>
<doc>Runs the given keyword with given arguments and returns the status as a Boolean value.</doc>
<kw name="Should Contain" library="BuiltIn">
<arg>${output}</arg>
<arg>${TARGET_READ}</arg>
<doc>Fails if ``container`` does not contain ``item`` one or more times.</doc>
<msg timestamp="20220708 12:10:20.286" level="FAIL">'' does not contain 'appvm-catgirl'</msg>
<status status="FAIL" starttime="20220708 12:10:20.284" endtime="20220708 12:10:20.286"/>
</kw>
<msg timestamp="20220708 12:10:20.286" level="INFO">${status} = False</msg>
<status status="PASS" starttime="20220708 12:10:20.284" endtime="20220708 12:10:20.286"/>
</kw>
<kw name="Log To Console" library="BuiltIn">
<arg>${status}</arg>
<doc>Logs the given message to the console.</doc>
<status status="PASS" starttime="20220708 12:10:20.287" endtime="20220708 12:10:20.287"/>
</kw>
<if>
<branch type="IF" condition="${status}">
<break>
<status status="NOT RUN" starttime="20220708 12:10:20.288" endtime="20220708 12:10:20.288"/>
</break>
<status status="NOT RUN" starttime="20220708 12:10:20.288" endtime="20220708 12:10:20.288"/>
</branch>
<status status="PASS" starttime="20220708 12:10:20.287" endtime="20220708 12:10:20.288"/>
</if>
<status status="PASS" starttime="20220708 12:10:19.281" endtime="20220708 12:10:20.288"/>
</iter>
<iter>
<var name="${i}">35</var>
<kw name="Write Data" library="SerialLibrary">
<arg>${Data}${\n}</arg>
<doc>Writes data into the port.</doc>
<status status="PASS" starttime="20220708 12:10:20.288" endtime="20220708 12:10:20.289"/>
</kw>
<kw name="Read Until" library="SerialLibrary">
<var>${output}</var>
<arg>terminator=${TARGET_READ}</arg>
<doc>Read until a termination sequence is found, size exceeded or timeout.</doc>
<msg timestamp="20220708 12:10:21.291" level="INFO">${output} = </msg>
<status status="PASS" starttime="20220708 12:10:20.289" endtime="20220708 12:10:21.291"/>
</kw>
<kw name="Run Keyword And Return Status" library="BuiltIn">
<var>${status}</var>
<arg>Should contain</arg>
<arg>${output}</arg>
<arg>${TARGET_READ}</arg>
<doc>Runs the given keyword with given arguments and returns the status as a Boolean value.</doc>
<kw name="Should Contain" library="BuiltIn">
<arg>${output}</arg>
<arg>${TARGET_READ}</arg>
<doc>Fails if ``container`` does not contain ``item`` one or more times.</doc>
<msg timestamp="20220708 12:10:21.293" level="FAIL">'' does not contain 'appvm-catgirl'</msg>
<status status="FAIL" starttime="20220708 12:10:21.292" endtime="20220708 12:10:21.293"/>
</kw>
<msg timestamp="20220708 12:10:21.294" level="INFO">${status} = False</msg>
<status status="PASS" starttime="20220708 12:10:21.291" endtime="20220708 12:10:21.294"/>
</kw>
<kw name="Log To Console" library="BuiltIn">
<arg>${status}</arg>
<doc>Logs the given message to the console.</doc>
<status status="PASS" starttime="20220708 12:10:21.294" endtime="20220708 12:10:21.294"/>
</kw>
<if>
<branch type="IF" condition="${status}">
<break>
<status status="NOT RUN" starttime="20220708 12:10:21.295" endtime="20220708 12:10:21.295"/>
</break>
<status status="NOT RUN" starttime="20220708 12:10:21.295" endtime="20220708 12:10:21.295"/>
</branch>
<status status="PASS" starttime="20220708 12:10:21.294" endtime="20220708 12:10:21.295"/>
</if>
<status status="PASS" starttime="20220708 12:10:20.288" endtime="20220708 12:10:21.295"/>
</iter>
<iter>
<var name="${i}">36</var>
<kw name="Write Data" library="SerialLibrary">
<arg>${Data}${\n}</arg>
<doc>Writes data into the port.</doc>
<status status="PASS" starttime="20220708 12:10:21.295" endtime="20220708 12:10:21.295"/>
</kw>
<kw name="Read Until" library="SerialLibrary">
<var>${output}</var>
<arg>terminator=${TARGET_READ}</arg>
<doc>Read until a termination sequence is found, size exceeded or timeout.</doc>
<msg timestamp="20220708 12:10:22.297" level="INFO">${output} = </msg>
<status status="PASS" starttime="20220708 12:10:21.295" endtime="20220708 12:10:22.297"/>
</kw>
<kw name="Run Keyword And Return Status" library="BuiltIn">
<var>${status}</var>
<arg>Should contain</arg>
<arg>${output}</arg>
<arg>${TARGET_READ}</arg>
<doc>Runs the given keyword with given arguments and returns the status as a Boolean value.</doc>
<kw name="Should Contain" library="BuiltIn">
<arg>${output}</arg>
<arg>${TARGET_READ}</arg>
<doc>Fails if ``container`` does not contain ``item`` one or more times.</doc>
<msg timestamp="20220708 12:10:22.300" level="FAIL">'' does not contain 'appvm-catgirl'</msg>
<status status="FAIL" starttime="20220708 12:10:22.298" endtime="20220708 12:10:22.300"/>
</kw>
<msg timestamp="20220708 12:10:22.300" level="INFO">${status} = False</msg>
<status status="PASS" starttime="20220708 12:10:22.298" endtime="20220708 12:10:22.300"/>
</kw>
<kw name="Log To Console" library="BuiltIn">
<arg>${status}</arg>
<doc>Logs the given message to the console.</doc>
<status status="PASS" starttime="20220708 12:10:22.300" endtime="20220708 12:10:22.301"/>
</kw>
<if>
<branch type="IF" condition="${status}">
<break>
<status status="NOT RUN" starttime="20220708 12:10:22.302" endtime="20220708 12:10:22.302"/>
</break>
<status status="NOT RUN" starttime="20220708 12:10:22.302" endtime="20220708 12:10:22.302"/>
</branch>
<status status="PASS" starttime="20220708 12:10:22.301" endtime="20220708 12:10:22.302"/>
</if>
<status status="PASS" starttime="20220708 12:10:21.295" endtime="20220708 12:10:22.302"/>
</iter>
<iter>
<var name="${i}">37</var>
<kw name="Write Data" library="SerialLibrary">
<arg>${Data}${\n}</arg>
<doc>Writes data into the port.</doc>
<status status="PASS" starttime="20220708 12:10:22.302" endtime="20220708 12:10:22.303"/>
</kw>
<kw name="Read Until" library="SerialLibrary">
<var>${output}</var>
<arg>terminator=${TARGET_READ}</arg>
<doc>Read until a termination sequence is found, size exceeded or timeout.</doc>
<msg timestamp="20220708 12:10:24.010" level="INFO">${output} = 
~ # </msg>
<status status="PASS" starttime="20220708 12:10:22.303" endtime="20220708 12:10:24.010"/>
</kw>
<kw name="Run Keyword And Return Status" library="BuiltIn">
<var>${status}</var>
<arg>Should contain</arg>
<arg>${output}</arg>
<arg>${TARGET_READ}</arg>
<doc>Runs the given keyword with given arguments and returns the status as a Boolean value.</doc>
<kw name="Should Contain" library="BuiltIn">
<arg>${output}</arg>
<arg>${TARGET_READ}</arg>
<doc>Fails if ``container`` does not contain ``item`` one or more times.</doc>
<msg timestamp="20220708 12:10:24.012" level="FAIL">'
~ # ' does not contain 'appvm-catgirl'</msg>
<status status="FAIL" starttime="20220708 12:10:24.011" endtime="20220708 12:10:24.012"/>
</kw>
<msg timestamp="20220708 12:10:24.013" level="INFO">${status} = False</msg>
<status status="PASS" starttime="20220708 12:10:24.010" endtime="20220708 12:10:24.013"/>
</kw>
<kw name="Log To Console" library="BuiltIn">
<arg>${status}</arg>
<doc>Logs the given message to the console.</doc>
<status status="PASS" starttime="20220708 12:10:24.013" endtime="20220708 12:10:24.014"/>
</kw>
<if>
<branch type="IF" condition="${status}">
<break>
<status status="NOT RUN" starttime="20220708 12:10:24.014" endtime="20220708 12:10:24.014"/>
</break>
<status status="NOT RUN" starttime="20220708 12:10:24.014" endtime="20220708 12:10:24.015"/>
</branch>
<status status="PASS" starttime="20220708 12:10:24.014" endtime="20220708 12:10:24.015"/>
</if>
<status status="PASS" starttime="20220708 12:10:22.302" endtime="20220708 12:10:24.015"/>
</iter>
<iter>
<var name="${i}">38</var>
<kw name="Write Data" library="SerialLibrary">
<arg>${Data}${\n}</arg>
<doc>Writes data into the port.</doc>
<status status="PASS" starttime="20220708 12:10:24.015" endtime="20220708 12:10:24.015"/>
</kw>
<kw name="Read Until" library="SerialLibrary">
<var>${output}</var>
<arg>terminator=${TARGET_READ}</arg>
<doc>Read until a termination sequence is found, size exceeded or timeout.</doc>
<msg timestamp="20220708 12:10:24.057" level="INFO">${output} = lsvm
NAME                	STATUS
netvm               	[31mSTOPPED[0m
appvm-lynx          	[31mSTOPPED[0m
appvm-catgirl</msg>
<status status="PASS" starttime="20220708 12:10:24.015" endtime="20220708 12:10:24.057"/>
</kw>
<kw name="Run Keyword And Return Status" library="BuiltIn">
<var>${status}</var>
<arg>Should contain</arg>
<arg>${output}</arg>
<arg>${TARGET_READ}</arg>
<doc>Runs the given keyword with given arguments and returns the status as a Boolean value.</doc>
<kw name="Should Contain" library="BuiltIn">
<arg>${output}</arg>
<arg>${TARGET_READ}</arg>
<doc>Fails if ``container`` does not contain ``item`` one or more times.</doc>
<status status="PASS" starttime="20220708 12:10:24.058" endtime="20220708 12:10:24.058"/>
</kw>
<msg timestamp="20220708 12:10:24.058" level="INFO">${status} = True</msg>
<status status="PASS" starttime="20220708 12:10:24.057" endtime="20220708 12:10:24.058"/>
</kw>
<kw name="Log To Console" library="BuiltIn">
<arg>${status}</arg>
<doc>Logs the given message to the console.</doc>
<status status="PASS" starttime="20220708 12:10:24.058" endtime="20220708 12:10:24.058"/>
</kw>
<if>
<branch type="IF" condition="${status}">
<break>
<status status="PASS" starttime="20220708 12:10:24.059" endtime="20220708 12:10:24.059"/>
</break>
<status status="PASS" starttime="20220708 12:10:24.059" endtime="20220708 12:10:24.059"/>
</branch>
<status status="PASS" starttime="20220708 12:10:24.059" endtime="20220708 12:10:24.059"/>
</if>
<status status="PASS" starttime="20220708 12:10:24.015" endtime="20220708 12:10:24.059"/>
</iter>
<status status="PASS" starttime="20220708 12:09:44.993" endtime="20220708 12:10:24.059"/>
</for>
<if>
<branch type="IF" condition="${status}==False">
<kw name="Device did not boot up!">
<status status="NOT RUN" starttime="20220708 12:10:24.061" endtime="20220708 12:10:24.062"/>
</kw>
<status status="NOT RUN" starttime="20220708 12:10:24.059" endtime="20220708 12:10:24.062"/>
</branch>
<status status="PASS" starttime="20220708 12:10:24.059" endtime="20220708 12:10:24.062"/>
</if>
<kw name="Delete All Ports" library="SerialLibrary" type="TEARDOWN">
<doc>Deletes all ports maintained in the library instance.</doc>
<status status="PASS" starttime="20220708 12:10:24.062" endtime="20220708 12:10:24.063"/>
</kw>
<tag>tc_boot_test</tag>
<status status="PASS" starttime="20220708 12:09:43.071" endtime="20220708 12:10:24.063"/>
</test>
<doc>Testing target device booting up after power brake.Using wi-fi power plug for braking power and USB serial port console to verify Spectrum OS booting up.</doc>
<status status="PASS" starttime="20220708 12:09:42.946" endtime="20220708 12:10:24.064"/>
</suite>
<statistics>
<total>
<stat pass="2" fail="0" skip="0">All Tests</stat>
</total>
<tag>
<stat pass="1" fail="0" skip="0">openSerialconnection</stat>
<stat pass="2" fail="0" skip="0">tc_boot_test</stat>
</tag>
<suite>
<stat pass="2" fail="0" skip="0" id="s1" name="Boot Test">Boot Test</stat>
</suite>
</statistics>
<errors>
</errors>
</robot>
