<?xml version="1.0" encoding="UTF-8"?>
<robot generator="Robot 5.0.1 (Python 3.10.4 on linux)" generated="20230111 15:54:33.258" rpa="false" schemaversion="3">
<suite id="s1" name="Boot Test Nvidian" source="/home/tc-agent02/Repositories/spectrum-test-automation/Robot-Framework/test-suites/boot_test_nvidian.robot">
<test id="s1-t1" name="Boot NUC with WiFi Plug And Verify Boot" line="28">
<kw name="Open Serial Port" type="SETUP">
<kw name="Add Port" library="SerialLibrary">
<arg>/dev/ttyACM0</arg>
<arg>baudrate=115200</arg>
<arg>bytesize=8</arg>
<arg>parity=N</arg>
<arg>stopbits=1</arg>
<doc>Adds new port with specified locator.</doc>
<status status="PASS" starttime="20230111 15:54:33.352" endtime="20230111 15:54:33.353"/>
</kw>
<status status="PASS" starttime="20230111 15:54:33.352" endtime="20230111 15:54:33.353"/>
</kw>
<kw name="Turn Plug Off" library="tapo_p100">
<arg>${IP_ADDRESS}</arg>
<arg>${USER_NAME}</arg>
<arg>${PASSWORD}</arg>
<status status="PASS" starttime="20230111 15:54:33.353" endtime="20230111 15:54:33.540"/>
</kw>
<kw name="Delete All Ports" library="SerialLibrary">
<doc>Deletes all ports maintained in the library instance.</doc>
<status status="PASS" starttime="20230111 15:54:33.541" endtime="20230111 15:54:33.578"/>
</kw>
<kw name="Sleep" library="BuiltIn">
<arg>2s</arg>
<doc>Pauses the test executed for the given time.</doc>
<msg timestamp="20230111 15:54:35.580" level="INFO">Slept 2 seconds</msg>
<status status="PASS" starttime="20230111 15:54:33.579" endtime="20230111 15:54:35.580"/>
</kw>
<kw name="Log To Console" library="BuiltIn">
<arg>Turn ON</arg>
<doc>Logs the given message to the console.</doc>
<status status="PASS" starttime="20230111 15:54:35.581" endtime="20230111 15:54:35.581"/>
</kw>
<kw name="Turn Plug On" library="tapo_p100">
<arg>${IP_ADDRESS}</arg>
<arg>${USER_NAME}</arg>
<arg>${PASSWORD}</arg>
<status status="PASS" starttime="20230111 15:54:35.581" endtime="20230111 15:54:35.770"/>
</kw>
<kw name="Sleep" library="BuiltIn">
<arg>10s</arg>
<doc>Pauses the test executed for the given time.</doc>
<msg timestamp="20230111 15:54:45.772" level="INFO">Slept 10 seconds</msg>
<status status="PASS" starttime="20230111 15:54:35.771" endtime="20230111 15:54:45.772"/>
</kw>
<kw name="Open Serial Port">
<kw name="Add Port" library="SerialLibrary">
<arg>/dev/ttyACM0</arg>
<arg>baudrate=115200</arg>
<arg>bytesize=8</arg>
<arg>parity=N</arg>
<arg>stopbits=1</arg>
<doc>Adds new port with specified locator.</doc>
<msg timestamp="20230111 15:54:45.775" level="FAIL">SerialException: [Errno 16] could not open port /dev/ttyACM0: [Errno 16] Device or resource busy: '/dev/ttyACM0'</msg>
<status status="FAIL" starttime="20230111 15:54:45.773" endtime="20230111 15:54:45.786"/>
</kw>
<status status="FAIL" starttime="20230111 15:54:45.772" endtime="20230111 15:54:45.787"/>
</kw>
<kw name="Set Port Parameter" library="SerialLibrary">
<arg>timeout</arg>
<arg>120</arg>
<doc>Sets port parameter.</doc>
<status status="NOT RUN" starttime="20230111 15:54:45.788" endtime="20230111 15:54:45.788"/>
</kw>
<kw name="Read Until" library="SerialLibrary">
<var>${output}</var>
<arg>Run /init as init process</arg>
<doc>Read until a termination sequence is found, size exceeded or timeout.</doc>
<status status="NOT RUN" starttime="20230111 15:54:45.788" endtime="20230111 15:54:45.788"/>
</kw>
<kw name="Log To Console" library="BuiltIn">
<arg>${output}</arg>
<doc>Logs the given message to the console.</doc>
<status status="NOT RUN" starttime="20230111 15:54:45.789" endtime="20230111 15:54:45.789"/>
</kw>
<kw name="Set Port Parameter" library="SerialLibrary">
<arg>timeout</arg>
<arg>5</arg>
<doc>Sets port parameter.</doc>
<status status="NOT RUN" starttime="20230111 15:54:45.789" endtime="20230111 15:54:45.789"/>
</kw>
<kw name="Delete All Ports" library="SerialLibrary" type="TEARDOWN">
<doc>Deletes all ports maintained in the library instance.</doc>
<status status="PASS" starttime="20230111 15:54:45.790" endtime="20230111 15:54:45.791"/>
</kw>
<tag>tc_boot_test_imx8</tag>
<status status="FAIL" starttime="20230111 15:54:33.352" endtime="20230111 15:54:45.791">SerialException: [Errno 16] could not open port /dev/ttyACM0: [Errno 16] Device or resource busy: '/dev/ttyACM0'</status>
</test>
<doc>Testing target device booting up after power brake. Using wi-fi power plug for braking power and USB serial port console to verify Spectrum OS booting up.</doc>
<status status="FAIL" starttime="20230111 15:54:33.258" endtime="20230111 15:54:45.792"/>
</suite>
<statistics>
<total>
<stat pass="0" fail="1" skip="0">All Tests</stat>
</total>
<tag>
<stat pass="0" fail="1" skip="0">tc_boot_test_imx8</stat>
</tag>
<suite>
<stat pass="0" fail="1" skip="0" id="s1" name="Boot Test Nvidian">Boot Test Nvidian</stat>
</suite>
</statistics>
<errors>
</errors>
</robot>
